2023/07/07 05:07:57 [error] [exception.CHttpException.400] CHttpException: Your request is invalid. in C:\xampp\htdocs\sibcad\framework\web\CController.php:336
Stack trace:
#0 C:\xampp\htdocs\sibcad\framework\web\CController.php(309): CController->invalidActionParams(Object(CInlineAction))
#1 C:\xampp\htdocs\sibcad\framework\web\filters\CFilterChain.php(133): CController->runAction(Object(CInlineAction))
#2 C:\xampp\htdocs\sibcad\framework\web\filters\CFilter.php(40): CFilterChain->run()
#3 C:\xampp\htdocs\sibcad\framework\web\CController.php(1145): CFilter->filter(Object(CFilterChain))
#4 C:\xampp\htdocs\sibcad\framework\web\filters\CInlineFilter.php(58): CController->filterAccessControl(Object(CFilterChain))
#5 C:\xampp\htdocs\sibcad\framework\web\filters\CFilterChain.php(130): CInlineFilter->filter(Object(CFilterChain))
#6 C:\xampp\htdocs\sibcad\framework\web\CController.php(291): CFilterChain->run()
#7 C:\xampp\htdocs\sibcad\framework\web\CController.php(265): CController->runActionWithFilters(Object(CInlineAction), Array)
#8 C:\xampp\htdocs\sibcad\framework\web\CWebApplication.php(282): CController->run('frontendkegiata...')
#9 C:\xampp\htdocs\sibcad\framework\web\CWebApplication.php(141): CWebApplication->runController('kategori/fronte...')
#10 C:\xampp\htdocs\sibcad\framework\base\CApplication.php(180): CWebApplication->processRequest()
#11 C:\xampp\htdocs\sibcad\index.php(13): CApplication->run()
#12 {main}
REQUEST_URI=/sibcad/index.php/kategori/frontendkegiatan/Chart.bundle.js
HTTP_REFERER=http://192.168.1.32/sibcad/index.php/kategori/frontendkegiatan/3
---
2023/07/07 05:07:59 [error] [exception.CHttpException.400] CHttpException: Your request is invalid. in C:\xampp\htdocs\sibcad\framework\web\CController.php:336
Stack trace:
#0 C:\xampp\htdocs\sibcad\framework\web\CController.php(309): CController->invalidActionParams(Object(CInlineAction))
#1 C:\xampp\htdocs\sibcad\framework\web\filters\CFilterChain.php(133): CController->runAction(Object(CInlineAction))
#2 C:\xampp\htdocs\sibcad\framework\web\filters\CFilter.php(40): CFilterChain->run()
#3 C:\xampp\htdocs\sibcad\framework\web\CController.php(1145): CFilter->filter(Object(CFilterChain))
#4 C:\xampp\htdocs\sibcad\framework\web\filters\CInlineFilter.php(58): CController->filterAccessControl(Object(CFilterChain))
#5 C:\xampp\htdocs\sibcad\framework\web\filters\CFilterChain.php(130): CInlineFilter->filter(Object(CFilterChain))
#6 C:\xampp\htdocs\sibcad\framework\web\CController.php(291): CFilterChain->run()
#7 C:\xampp\htdocs\sibcad\framework\web\CController.php(265): CController->runActionWithFilters(Object(CInlineAction), Array)
#8 C:\xampp\htdocs\sibcad\framework\web\CWebApplication.php(282): CController->run('frontendkegiata...')
#9 C:\xampp\htdocs\sibcad\framework\web\CWebApplication.php(141): CWebApplication->runController('kategori/fronte...')
#10 C:\xampp\htdocs\sibcad\framework\base\CApplication.php(180): CWebApplication->processRequest()
#11 C:\xampp\htdocs\sibcad\index.php(13): CApplication->run()
#12 {main}
REQUEST_URI=/sibcad/index.php/kategori/frontendkegiatan/ubah_status.php
HTTP_REFERER=http://192.168.1.32/sibcad/index.php/kategori/frontendkegiatan/3
---
2023/07/07 05:08:00 [error] [exception.CHttpException.400] CHttpException: Your request is invalid. in C:\xampp\htdocs\sibcad\framework\web\CController.php:336
Stack trace:
#0 C:\xampp\htdocs\sibcad\framework\web\CController.php(309): CController->invalidActionParams(Object(CInlineAction))
#1 C:\xampp\htdocs\sibcad\framework\web\filters\CFilterChain.php(133): CController->runAction(Object(CInlineAction))
#2 C:\xampp\htdocs\sibcad\framework\web\filters\CFilter.php(40): CFilterChain->run()
#3 C:\xampp\htdocs\sibcad\framework\web\CController.php(1145): CFilter->filter(Object(CFilterChain))
#4 C:\xampp\htdocs\sibcad\framework\web\filters\CInlineFilter.php(58): CController->filterAccessControl(Object(CFilterChain))
#5 C:\xampp\htdocs\sibcad\framework\web\filters\CFilterChain.php(130): CInlineFilter->filter(Object(CFilterChain))
#6 C:\xampp\htdocs\sibcad\framework\web\CController.php(291): CFilterChain->run()
#7 C:\xampp\htdocs\sibcad\framework\web\CController.php(265): CController->runActionWithFilters(Object(CInlineAction), Array)
#8 C:\xampp\htdocs\sibcad\framework\web\CWebApplication.php(282): CController->run('frontendkegiata...')
#9 C:\xampp\htdocs\sibcad\framework\web\CWebApplication.php(141): CWebApplication->runController('kategori/fronte...')
#10 C:\xampp\htdocs\sibcad\framework\base\CApplication.php(180): CWebApplication->processRequest()
#11 C:\xampp\htdocs\sibcad\index.php(13): CApplication->run()
#12 {main}
REQUEST_URI=/sibcad/index.php/kategori/frontendkegiatan/hapus_kegiatan.php
HTTP_REFERER=http://192.168.1.32/sibcad/index.php/kategori/frontendkegiatan/3
---
2023/07/07 05:11:46 [error] [exception.CHttpException.400] CHttpException: Your request is invalid. in C:\xampp\htdocs\sibcad\framework\web\CController.php:336
Stack trace:
#0 C:\xampp\htdocs\sibcad\framework\web\CController.php(309): CController->invalidActionParams(Object(CInlineAction))
#1 C:\xampp\htdocs\sibcad\framework\web\filters\CFilterChain.php(133): CController->runAction(Object(CInlineAction))
#2 C:\xampp\htdocs\sibcad\framework\web\filters\CFilter.php(40): CFilterChain->run()
#3 C:\xampp\htdocs\sibcad\framework\web\CController.php(1145): CFilter->filter(Object(CFilterChain))
#4 C:\xampp\htdocs\sibcad\framework\web\filters\CInlineFilter.php(58): CController->filterAccessControl(Object(CFilterChain))
#5 C:\xampp\htdocs\sibcad\framework\web\filters\CFilterChain.php(130): CInlineFilter->filter(Object(CFilterChain))
#6 C:\xampp\htdocs\sibcad\framework\web\CController.php(291): CFilterChain->run()
#7 C:\xampp\htdocs\sibcad\framework\web\CController.php(265): CController->runActionWithFilters(Object(CInlineAction), Array)
#8 C:\xampp\htdocs\sibcad\framework\web\CWebApplication.php(282): CController->run('frontendkegiata...')
#9 C:\xampp\htdocs\sibcad\framework\web\CWebApplication.php(141): CWebApplication->runController('kategori/fronte...')
#10 C:\xampp\htdocs\sibcad\framework\base\CApplication.php(180): CWebApplication->processRequest()
#11 C:\xampp\htdocs\sibcad\index.php(13): CApplication->run()
#12 {main}
REQUEST_URI=/sibcad/index.php/kategori/frontendkegiatan/Chart.bundle.js
HTTP_REFERER=http://192.168.1.32/sibcad/index.php/kategori/frontendkegiatan/3
---
2023/07/07 05:11:49 [error] [exception.CHttpException.400] CHttpException: Your request is invalid. in C:\xampp\htdocs\sibcad\framework\web\CController.php:336
Stack trace:
#0 C:\xampp\htdocs\sibcad\framework\web\CController.php(309): CController->invalidActionParams(Object(CInlineAction))
#1 C:\xampp\htdocs\sibcad\framework\web\filters\CFilterChain.php(133): CController->runAction(Object(CInlineAction))
#2 C:\xampp\htdocs\sibcad\framework\web\filters\CFilter.php(40): CFilterChain->run()
#3 C:\xampp\htdocs\sibcad\framework\web\CController.php(1145): CFilter->filter(Object(CFilterChain))
#4 C:\xampp\htdocs\sibcad\framework\web\filters\CInlineFilter.php(58): CController->filterAccessControl(Object(CFilterChain))
#5 C:\xampp\htdocs\sibcad\framework\web\filters\CFilterChain.php(130): CInlineFilter->filter(Object(CFilterChain))
#6 C:\xampp\htdocs\sibcad\framework\web\CController.php(291): CFilterChain->run()
#7 C:\xampp\htdocs\sibcad\framework\web\CController.php(265): CController->runActionWithFilters(Object(CInlineAction), Array)
#8 C:\xampp\htdocs\sibcad\framework\web\CWebApplication.php(282): CController->run('frontendkegiata...')
#9 C:\xampp\htdocs\sibcad\framework\web\CWebApplication.php(141): CWebApplication->runController('kategori/fronte...')
#10 C:\xampp\htdocs\sibcad\framework\base\CApplication.php(180): CWebApplication->processRequest()
#11 C:\xampp\htdocs\sibcad\index.php(13): CApplication->run()
#12 {main}
REQUEST_URI=/sibcad/index.php/kategori/frontendkegiatan/Chart.bundle.js
HTTP_REFERER=http://192.168.1.32/sibcad/index.php/kategori/frontendkegiatan/3
---
2023/07/07 05:14:15 [error] [exception.CHttpException.400] CHttpException: Your request is invalid. in C:\xampp\htdocs\sibcad\framework\web\CController.php:336
Stack trace:
#0 C:\xampp\htdocs\sibcad\framework\web\CController.php(309): CController->invalidActionParams(Object(CInlineAction))
#1 C:\xampp\htdocs\sibcad\framework\web\filters\CFilterChain.php(133): CController->runAction(Object(CInlineAction))
#2 C:\xampp\htdocs\sibcad\framework\web\filters\CFilter.php(40): CFilterChain->run()
#3 C:\xampp\htdocs\sibcad\framework\web\CController.php(1145): CFilter->filter(Object(CFilterChain))
#4 C:\xampp\htdocs\sibcad\framework\web\filters\CInlineFilter.php(58): CController->filterAccessControl(Object(CFilterChain))
#5 C:\xampp\htdocs\sibcad\framework\web\filters\CFilterChain.php(130): CInlineFilter->filter(Object(CFilterChain))
#6 C:\xampp\htdocs\sibcad\framework\web\CController.php(291): CFilterChain->run()
#7 C:\xampp\htdocs\sibcad\framework\web\CController.php(265): CController->runActionWithFilters(Object(CInlineAction), Array)
#8 C:\xampp\htdocs\sibcad\framework\web\CWebApplication.php(282): CController->run('frontendkegiata...')
#9 C:\xampp\htdocs\sibcad\framework\web\CWebApplication.php(141): CWebApplication->runController('kategori/fronte...')
#10 C:\xampp\htdocs\sibcad\framework\base\CApplication.php(180): CWebApplication->processRequest()
#11 C:\xampp\htdocs\sibcad\index.php(13): CApplication->run()
#12 {main}
REQUEST_URI=/sibcad/index.php/kategori/frontendkegiatan/Chart.bundle.js
HTTP_REFERER=http://192.168.1.32/sibcad/index.php/kategori/frontendkegiatan/3
---
2023/07/07 05:14:17 [error] [exception.CHttpException.400] CHttpException: Your request is invalid. in C:\xampp\htdocs\sibcad\framework\web\CController.php:336
Stack trace:
#0 C:\xampp\htdocs\sibcad\framework\web\CController.php(309): CController->invalidActionParams(Object(CInlineAction))
#1 C:\xampp\htdocs\sibcad\framework\web\filters\CFilterChain.php(133): CController->runAction(Object(CInlineAction))
#2 C:\xampp\htdocs\sibcad\framework\web\filters\CFilter.php(40): CFilterChain->run()
#3 C:\xampp\htdocs\sibcad\framework\web\CController.php(1145): CFilter->filter(Object(CFilterChain))
#4 C:\xampp\htdocs\sibcad\framework\web\filters\CInlineFilter.php(58): CController->filterAccessControl(Object(CFilterChain))
#5 C:\xampp\htdocs\sibcad\framework\web\filters\CFilterChain.php(130): CInlineFilter->filter(Object(CFilterChain))
#6 C:\xampp\htdocs\sibcad\framework\web\CController.php(291): CFilterChain->run()
#7 C:\xampp\htdocs\sibcad\framework\web\CController.php(265): CController->runActionWithFilters(Object(CInlineAction), Array)
#8 C:\xampp\htdocs\sibcad\framework\web\CWebApplication.php(282): CController->run('frontendkegiata...')
#9 C:\xampp\htdocs\sibcad\framework\web\CWebApplication.php(141): CWebApplication->runController('kategori/fronte...')
#10 C:\xampp\htdocs\sibcad\framework\base\CApplication.php(180): CWebApplication->processRequest()
#11 C:\xampp\htdocs\sibcad\index.php(13): CApplication->run()
#12 {main}
REQUEST_URI=/sibcad/index.php/kategori/frontendkegiatan/Chart.bundle.js
HTTP_REFERER=http://192.168.1.32/sibcad/index.php/kategori/frontendkegiatan/3
---
2023/07/07 05:14:21 [error] [exception.CHttpException.400] CHttpException: Your request is invalid. in C:\xampp\htdocs\sibcad\framework\web\CController.php:336
Stack trace:
#0 C:\xampp\htdocs\sibcad\framework\web\CController.php(309): CController->invalidActionParams(Object(CInlineAction))
#1 C:\xampp\htdocs\sibcad\framework\web\filters\CFilterChain.php(133): CController->runAction(Object(CInlineAction))
#2 C:\xampp\htdocs\sibcad\framework\web\filters\CFilter.php(40): CFilterChain->run()
#3 C:\xampp\htdocs\sibcad\framework\web\CController.php(1145): CFilter->filter(Object(CFilterChain))
#4 C:\xampp\htdocs\sibcad\framework\web\filters\CInlineFilter.php(58): CController->filterAccessControl(Object(CFilterChain))
#5 C:\xampp\htdocs\sibcad\framework\web\filters\CFilterChain.php(130): CInlineFilter->filter(Object(CFilterChain))
#6 C:\xampp\htdocs\sibcad\framework\web\CController.php(291): CFilterChain->run()
#7 C:\xampp\htdocs\sibcad\framework\web\CController.php(265): CController->runActionWithFilters(Object(CInlineAction), Array)
#8 C:\xampp\htdocs\sibcad\framework\web\CWebApplication.php(282): CController->run('frontendkegiata...')
#9 C:\xampp\htdocs\sibcad\framework\web\CWebApplication.php(141): CWebApplication->runController('kategori/fronte...')
#10 C:\xampp\htdocs\sibcad\framework\base\CApplication.php(180): CWebApplication->processRequest()
#11 C:\xampp\htdocs\sibcad\index.php(13): CApplication->run()
#12 {main}
REQUEST_URI=/sibcad/index.php/kategori/frontendkegiatan/kegiatan.php
HTTP_REFERER=http://192.168.1.32/sibcad/index.php/kategori/frontendkegiatan/3
---
2023/07/07 05:14:22 [error] [exception.CHttpException.400] CHttpException: Your request is invalid. in C:\xampp\htdocs\sibcad\framework\web\CController.php:336
Stack trace:
#0 C:\xampp\htdocs\sibcad\framework\web\CController.php(309): CController->invalidActionParams(Object(CInlineAction))
#1 C:\xampp\htdocs\sibcad\framework\web\filters\CFilterChain.php(133): CController->runAction(Object(CInlineAction))
#2 C:\xampp\htdocs\sibcad\framework\web\filters\CFilter.php(40): CFilterChain->run()
#3 C:\xampp\htdocs\sibcad\framework\web\CController.php(1145): CFilter->filter(Object(CFilterChain))
#4 C:\xampp\htdocs\sibcad\framework\web\filters\CInlineFilter.php(58): CController->filterAccessControl(Object(CFilterChain))
#5 C:\xampp\htdocs\sibcad\framework\web\filters\CFilterChain.php(130): CInlineFilter->filter(Object(CFilterChain))
#6 C:\xampp\htdocs\sibcad\framework\web\CController.php(291): CFilterChain->run()
#7 C:\xampp\htdocs\sibcad\framework\web\CController.php(265): CController->runActionWithFilters(Object(CInlineAction), Array)
#8 C:\xampp\htdocs\sibcad\framework\web\CWebApplication.php(282): CController->run('frontendkegiata...')
#9 C:\xampp\htdocs\sibcad\framework\web\CWebApplication.php(141): CWebApplication->runController('kategori/fronte...')
#10 C:\xampp\htdocs\sibcad\framework\base\CApplication.php(180): CWebApplication->processRequest()
#11 C:\xampp\htdocs\sibcad\index.php(13): CApplication->run()
#12 {main}
REQUEST_URI=/sibcad/index.php/kategori/frontendkegiatan/kegiatan.php
HTTP_REFERER=http://192.168.1.32/sibcad/index.php/kategori/frontendkegiatan/3
---
2023/07/07 05:14:22 [error] [exception.CHttpException.400] CHttpException: Your request is invalid. in C:\xampp\htdocs\sibcad\framework\web\CController.php:336
Stack trace:
#0 C:\xampp\htdocs\sibcad\framework\web\CController.php(309): CController->invalidActionParams(Object(CInlineAction))
#1 C:\xampp\htdocs\sibcad\framework\web\filters\CFilterChain.php(133): CController->runAction(Object(CInlineAction))
#2 C:\xampp\htdocs\sibcad\framework\web\filters\CFilter.php(40): CFilterChain->run()
#3 C:\xampp\htdocs\sibcad\framework\web\CController.php(1145): CFilter->filter(Object(CFilterChain))
#4 C:\xampp\htdocs\sibcad\framework\web\filters\CInlineFilter.php(58): CController->filterAccessControl(Object(CFilterChain))
#5 C:\xampp\htdocs\sibcad\framework\web\filters\CFilterChain.php(130): CInlineFilter->filter(Object(CFilterChain))
#6 C:\xampp\htdocs\sibcad\framework\web\CController.php(291): CFilterChain->run()
#7 C:\xampp\htdocs\sibcad\framework\web\CController.php(265): CController->runActionWithFilters(Object(CInlineAction), Array)
#8 C:\xampp\htdocs\sibcad\framework\web\CWebApplication.php(282): CController->run('frontendkegiata...')
#9 C:\xampp\htdocs\sibcad\framework\web\CWebApplication.php(141): CWebApplication->runController('kategori/fronte...')
#10 C:\xampp\htdocs\sibcad\framework\base\CApplication.php(180): CWebApplication->processRequest()
#11 C:\xampp\htdocs\sibcad\index.php(13): CApplication->run()
#12 {main}
REQUEST_URI=/sibcad/index.php/kategori/frontendkegiatan/kegiatan.php
HTTP_REFERER=http://192.168.1.32/sibcad/index.php/kategori/frontendkegiatan/3
---
2023/07/07 05:14:23 [error] [exception.CHttpException.400] CHttpException: Your request is invalid. in C:\xampp\htdocs\sibcad\framework\web\CController.php:336
Stack trace:
#0 C:\xampp\htdocs\sibcad\framework\web\CController.php(309): CController->invalidActionParams(Object(CInlineAction))
#1 C:\xampp\htdocs\sibcad\framework\web\filters\CFilterChain.php(133): CController->runAction(Object(CInlineAction))
#2 C:\xampp\htdocs\sibcad\framework\web\filters\CFilter.php(40): CFilterChain->run()
#3 C:\xampp\htdocs\sibcad\framework\web\CController.php(1145): CFilter->filter(Object(CFilterChain))
#4 C:\xampp\htdocs\sibcad\framework\web\filters\CInlineFilter.php(58): CController->filterAccessControl(Object(CFilterChain))
#5 C:\xampp\htdocs\sibcad\framework\web\filters\CFilterChain.php(130): CInlineFilter->filter(Object(CFilterChain))
#6 C:\xampp\htdocs\sibcad\framework\web\CController.php(291): CFilterChain->run()
#7 C:\xampp\htdocs\sibcad\framework\web\CController.php(265): CController->runActionWithFilters(Object(CInlineAction), Array)
#8 C:\xampp\htdocs\sibcad\framework\web\CWebApplication.php(282): CController->run('frontendkegiata...')
#9 C:\xampp\htdocs\sibcad\framework\web\CWebApplication.php(141): CWebApplication->runController('kategori/fronte...')
#10 C:\xampp\htdocs\sibcad\framework\base\CApplication.php(180): CWebApplication->processRequest()
#11 C:\xampp\htdocs\sibcad\index.php(13): CApplication->run()
#12 {main}
REQUEST_URI=/sibcad/index.php/kategori/frontendkegiatan/kegiatan.php
HTTP_REFERER=http://192.168.1.32/sibcad/index.php/kategori/frontendkegiatan/3
---
2023/07/07 05:14:23 [error] [exception.CHttpException.400] CHttpException: Your request is invalid. in C:\xampp\htdocs\sibcad\framework\web\CController.php:336
Stack trace:
#0 C:\xampp\htdocs\sibcad\framework\web\CController.php(309): CController->invalidActionParams(Object(CInlineAction))
#1 C:\xampp\htdocs\sibcad\framework\web\filters\CFilterChain.php(133): CController->runAction(Object(CInlineAction))
#2 C:\xampp\htdocs\sibcad\framework\web\filters\CFilter.php(40): CFilterChain->run()
#3 C:\xampp\htdocs\sibcad\framework\web\CController.php(1145): CFilter->filter(Object(CFilterChain))
#4 C:\xampp\htdocs\sibcad\framework\web\filters\CInlineFilter.php(58): CController->filterAccessControl(Object(CFilterChain))
#5 C:\xampp\htdocs\sibcad\framework\web\filters\CFilterChain.php(130): CInlineFilter->filter(Object(CFilterChain))
#6 C:\xampp\htdocs\sibcad\framework\web\CController.php(291): CFilterChain->run()
#7 C:\xampp\htdocs\sibcad\framework\web\CController.php(265): CController->runActionWithFilters(Object(CInlineAction), Array)
#8 C:\xampp\htdocs\sibcad\framework\web\CWebApplication.php(282): CController->run('frontendkegiata...')
#9 C:\xampp\htdocs\sibcad\framework\web\CWebApplication.php(141): CWebApplication->runController('kategori/fronte...')
#10 C:\xampp\htdocs\sibcad\framework\base\CApplication.php(180): CWebApplication->processRequest()
#11 C:\xampp\htdocs\sibcad\index.php(13): CApplication->run()
#12 {main}
REQUEST_URI=/sibcad/index.php/kategori/frontendkegiatan/kegiatan.php
HTTP_REFERER=http://192.168.1.32/sibcad/index.php/kategori/frontendkegiatan/3
---
2023/07/07 05:14:23 [error] [exception.CHttpException.400] CHttpException: Your request is invalid. in C:\xampp\htdocs\sibcad\framework\web\CController.php:336
Stack trace:
#0 C:\xampp\htdocs\sibcad\framework\web\CController.php(309): CController->invalidActionParams(Object(CInlineAction))
#1 C:\xampp\htdocs\sibcad\framework\web\filters\CFilterChain.php(133): CController->runAction(Object(CInlineAction))
#2 C:\xampp\htdocs\sibcad\framework\web\filters\CFilter.php(40): CFilterChain->run()
#3 C:\xampp\htdocs\sibcad\framework\web\CController.php(1145): CFilter->filter(Object(CFilterChain))
#4 C:\xampp\htdocs\sibcad\framework\web\filters\CInlineFilter.php(58): CController->filterAccessControl(Object(CFilterChain))
#5 C:\xampp\htdocs\sibcad\framework\web\filters\CFilterChain.php(130): CInlineFilter->filter(Object(CFilterChain))
#6 C:\xampp\htdocs\sibcad\framework\web\CController.php(291): CFilterChain->run()
#7 C:\xampp\htdocs\sibcad\framework\web\CController.php(265): CController->runActionWithFilters(Object(CInlineAction), Array)
#8 C:\xampp\htdocs\sibcad\framework\web\CWebApplication.php(282): CController->run('frontendkegiata...')
#9 C:\xampp\htdocs\sibcad\framework\web\CWebApplication.php(141): CWebApplication->runController('kategori/fronte...')
#10 C:\xampp\htdocs\sibcad\framework\base\CApplication.php(180): CWebApplication->processRequest()
#11 C:\xampp\htdocs\sibcad\index.php(13): CApplication->run()
#12 {main}
REQUEST_URI=/sibcad/index.php/kategori/frontendkegiatan/kegiatan.php
HTTP_REFERER=http://192.168.1.32/sibcad/index.php/kategori/frontendkegiatan/3
---
2023/07/07 05:14:24 [error] [exception.CHttpException.400] CHttpException: Your request is invalid. in C:\xampp\htdocs\sibcad\framework\web\CController.php:336
Stack trace:
#0 C:\xampp\htdocs\sibcad\framework\web\CController.php(309): CController->invalidActionParams(Object(CInlineAction))
#1 C:\xampp\htdocs\sibcad\framework\web\filters\CFilterChain.php(133): CController->runAction(Object(CInlineAction))
#2 C:\xampp\htdocs\sibcad\framework\web\filters\CFilter.php(40): CFilterChain->run()
#3 C:\xampp\htdocs\sibcad\framework\web\CController.php(1145): CFilter->filter(Object(CFilterChain))
#4 C:\xampp\htdocs\sibcad\framework\web\filters\CInlineFilter.php(58): CController->filterAccessControl(Object(CFilterChain))
#5 C:\xampp\htdocs\sibcad\framework\web\filters\CFilterChain.php(130): CInlineFilter->filter(Object(CFilterChain))
#6 C:\xampp\htdocs\sibcad\framework\web\CController.php(291): CFilterChain->run()
#7 C:\xampp\htdocs\sibcad\framework\web\CController.php(265): CController->runActionWithFilters(Object(CInlineAction), Array)
#8 C:\xampp\htdocs\sibcad\framework\web\CWebApplication.php(282): CController->run('frontendkegiata...')
#9 C:\xampp\htdocs\sibcad\framework\web\CWebApplication.php(141): CWebApplication->runController('kategori/fronte...')
#10 C:\xampp\htdocs\sibcad\framework\base\CApplication.php(180): CWebApplication->processRequest()
#11 C:\xampp\htdocs\sibcad\index.php(13): CApplication->run()
#12 {main}
REQUEST_URI=/sibcad/index.php/kategori/frontendkegiatan/kegiatan.php
HTTP_REFERER=http://192.168.1.32/sibcad/index.php/kategori/frontendkegiatan/3
---
2023/07/07 05:16:11 [error] [exception.CHttpException.400] CHttpException: Your request is invalid. in C:\xampp\htdocs\sibcad\framework\web\CController.php:336
Stack trace:
#0 C:\xampp\htdocs\sibcad\framework\web\CController.php(309): CController->invalidActionParams(Object(CInlineAction))
#1 C:\xampp\htdocs\sibcad\framework\web\filters\CFilterChain.php(133): CController->runAction(Object(CInlineAction))
#2 C:\xampp\htdocs\sibcad\framework\web\filters\CFilter.php(40): CFilterChain->run()
#3 C:\xampp\htdocs\sibcad\framework\web\CController.php(1145): CFilter->filter(Object(CFilterChain))
#4 C:\xampp\htdocs\sibcad\framework\web\filters\CInlineFilter.php(58): CController->filterAccessControl(Object(CFilterChain))
#5 C:\xampp\htdocs\sibcad\framework\web\filters\CFilterChain.php(130): CInlineFilter->filter(Object(CFilterChain))
#6 C:\xampp\htdocs\sibcad\framework\web\CController.php(291): CFilterChain->run()
#7 C:\xampp\htdocs\sibcad\framework\web\CController.php(265): CController->runActionWithFilters(Object(CInlineAction), Array)
#8 C:\xampp\htdocs\sibcad\framework\web\CWebApplication.php(282): CController->run('frontendkegiata...')
#9 C:\xampp\htdocs\sibcad\framework\web\CWebApplication.php(141): CWebApplication->runController('kategori/fronte...')
#10 C:\xampp\htdocs\sibcad\framework\base\CApplication.php(180): CWebApplication->processRequest()
#11 C:\xampp\htdocs\sibcad\index.php(13): CApplication->run()
#12 {main}
REQUEST_URI=/sibcad/index.php/kategori/frontendkegiatan/Chart.bundle.js
HTTP_REFERER=http://192.168.1.32/sibcad/index.php/kategori/frontendkegiatan/3
---
2023/07/07 05:16:13 [error] [exception.CHttpException.400] CHttpException: Your request is invalid. in C:\xampp\htdocs\sibcad\framework\web\CController.php:336
Stack trace:
#0 C:\xampp\htdocs\sibcad\framework\web\CController.php(309): CController->invalidActionParams(Object(CInlineAction))
#1 C:\xampp\htdocs\sibcad\framework\web\filters\CFilterChain.php(133): CController->runAction(Object(CInlineAction))
#2 C:\xampp\htdocs\sibcad\framework\web\filters\CFilter.php(40): CFilterChain->run()
#3 C:\xampp\htdocs\sibcad\framework\web\CController.php(1145): CFilter->filter(Object(CFilterChain))
#4 C:\xampp\htdocs\sibcad\framework\web\filters\CInlineFilter.php(58): CController->filterAccessControl(Object(CFilterChain))
#5 C:\xampp\htdocs\sibcad\framework\web\filters\CFilterChain.php(130): CInlineFilter->filter(Object(CFilterChain))
#6 C:\xampp\htdocs\sibcad\framework\web\CController.php(291): CFilterChain->run()
#7 C:\xampp\htdocs\sibcad\framework\web\CController.php(265): CController->runActionWithFilters(Object(CInlineAction), Array)
#8 C:\xampp\htdocs\sibcad\framework\web\CWebApplication.php(282): CController->run('frontendkegiata...')
#9 C:\xampp\htdocs\sibcad\framework\web\CWebApplication.php(141): CWebApplication->runController('kategori/fronte...')
#10 C:\xampp\htdocs\sibcad\framework\base\CApplication.php(180): CWebApplication->processRequest()
#11 C:\xampp\htdocs\sibcad\index.php(13): CApplication->run()
#12 {main}
REQUEST_URI=/sibcad/index.php/kategori/frontendkegiatan/Chart.bundle.js
HTTP_REFERER=http://192.168.1.32/sibcad/index.php/kategori/frontendkegiatan/3
---
2023/07/07 05:16:53 [error] [exception.CHttpException.400] CHttpException: Your request is invalid. in C:\xampp\htdocs\sibcad\framework\web\CController.php:336
Stack trace:
#0 C:\xampp\htdocs\sibcad\framework\web\CController.php(309): CController->invalidActionParams(Object(CInlineAction))
#1 C:\xampp\htdocs\sibcad\framework\web\filters\CFilterChain.php(133): CController->runAction(Object(CInlineAction))
#2 C:\xampp\htdocs\sibcad\framework\web\filters\CFilter.php(40): CFilterChain->run()
#3 C:\xampp\htdocs\sibcad\framework\web\CController.php(1145): CFilter->filter(Object(CFilterChain))
#4 C:\xampp\htdocs\sibcad\framework\web\filters\CInlineFilter.php(58): CController->filterAccessControl(Object(CFilterChain))
#5 C:\xampp\htdocs\sibcad\framework\web\filters\CFilterChain.php(130): CInlineFilter->filter(Object(CFilterChain))
#6 C:\xampp\htdocs\sibcad\framework\web\CController.php(291): CFilterChain->run()
#7 C:\xampp\htdocs\sibcad\framework\web\CController.php(265): CController->runActionWithFilters(Object(CInlineAction), Array)
#8 C:\xampp\htdocs\sibcad\framework\web\CWebApplication.php(282): CController->run('frontendkegiata...')
#9 C:\xampp\htdocs\sibcad\framework\web\CWebApplication.php(141): CWebApplication->runController('kategori/fronte...')
#10 C:\xampp\htdocs\sibcad\framework\base\CApplication.php(180): CWebApplication->processRequest()
#11 C:\xampp\htdocs\sibcad\index.php(13): CApplication->run()
#12 {main}
REQUEST_URI=/sibcad/index.php/kategori/frontendkegiatan/Chart.bundle.js
HTTP_REFERER=http://192.168.1.32/sibcad/index.php/kategori/frontendkegiatan/3
---
2023/07/07 05:16:55 [error] [exception.CHttpException.400] CHttpException: Your request is invalid. in C:\xampp\htdocs\sibcad\framework\web\CController.php:336
Stack trace:
#0 C:\xampp\htdocs\sibcad\framework\web\CController.php(309): CController->invalidActionParams(Object(CInlineAction))
#1 C:\xampp\htdocs\sibcad\framework\web\filters\CFilterChain.php(133): CController->runAction(Object(CInlineAction))
#2 C:\xampp\htdocs\sibcad\framework\web\filters\CFilter.php(40): CFilterChain->run()
#3 C:\xampp\htdocs\sibcad\framework\web\CController.php(1145): CFilter->filter(Object(CFilterChain))
#4 C:\xampp\htdocs\sibcad\framework\web\filters\CInlineFilter.php(58): CController->filterAccessControl(Object(CFilterChain))
#5 C:\xampp\htdocs\sibcad\framework\web\filters\CFilterChain.php(130): CInlineFilter->filter(Object(CFilterChain))
#6 C:\xampp\htdocs\sibcad\framework\web\CController.php(291): CFilterChain->run()
#7 C:\xampp\htdocs\sibcad\framework\web\CController.php(265): CController->runActionWithFilters(Object(CInlineAction), Array)
#8 C:\xampp\htdocs\sibcad\framework\web\CWebApplication.php(282): CController->run('frontendkegiata...')
#9 C:\xampp\htdocs\sibcad\framework\web\CWebApplication.php(141): CWebApplication->runController('kategori/fronte...')
#10 C:\xampp\htdocs\sibcad\framework\base\CApplication.php(180): CWebApplication->processRequest()
#11 C:\xampp\htdocs\sibcad\index.php(13): CApplication->run()
#12 {main}
REQUEST_URI=/sibcad/index.php/kategori/frontendkegiatan/Chart.bundle.js
HTTP_REFERER=http://192.168.1.32/sibcad/index.php/kategori/frontendkegiatan/3
---
2023/07/07 05:17:03 [error] [exception.CHttpException.400] CHttpException: Your request is invalid. in C:\xampp\htdocs\sibcad\framework\web\CController.php:336
Stack trace:
#0 C:\xampp\htdocs\sibcad\framework\web\CController.php(309): CController->invalidActionParams(Object(CInlineAction))
#1 C:\xampp\htdocs\sibcad\framework\web\filters\CFilterChain.php(133): CController->runAction(Object(CInlineAction))
#2 C:\xampp\htdocs\sibcad\framework\web\filters\CFilter.php(40): CFilterChain->run()
#3 C:\xampp\htdocs\sibcad\framework\web\CController.php(1145): CFilter->filter(Object(CFilterChain))
#4 C:\xampp\htdocs\sibcad\framework\web\filters\CInlineFilter.php(58): CController->filterAccessControl(Object(CFilterChain))
#5 C:\xampp\htdocs\sibcad\framework\web\filters\CFilterChain.php(130): CInlineFilter->filter(Object(CFilterChain))
#6 C:\xampp\htdocs\sibcad\framework\web\CController.php(291): CFilterChain->run()
#7 C:\xampp\htdocs\sibcad\framework\web\CController.php(265): CController->runActionWithFilters(Object(CInlineAction), Array)
#8 C:\xampp\htdocs\sibcad\framework\web\CWebApplication.php(282): CController->run('frontendkegiata...')
#9 C:\xampp\htdocs\sibcad\framework\web\CWebApplication.php(141): CWebApplication->runController('kategori/fronte...')
#10 C:\xampp\htdocs\sibcad\framework\base\CApplication.php(180): CWebApplication->processRequest()
#11 C:\xampp\htdocs\sibcad\index.php(13): CApplication->run()
#12 {main}
REQUEST_URI=/sibcad/index.php/kategori/frontendkegiatan/kegiatan.php
HTTP_REFERER=http://192.168.1.32/sibcad/index.php/kategori/frontendkegiatan/3
---
2023/07/07 05:17:05 [error] [exception.CHttpException.400] CHttpException: Your request is invalid. in C:\xampp\htdocs\sibcad\framework\web\CController.php:336
Stack trace:
#0 C:\xampp\htdocs\sibcad\framework\web\CController.php(309): CController->invalidActionParams(Object(CInlineAction))
#1 C:\xampp\htdocs\sibcad\framework\web\filters\CFilterChain.php(133): CController->runAction(Object(CInlineAction))
#2 C:\xampp\htdocs\sibcad\framework\web\filters\CFilter.php(40): CFilterChain->run()
#3 C:\xampp\htdocs\sibcad\framework\web\CController.php(1145): CFilter->filter(Object(CFilterChain))
#4 C:\xampp\htdocs\sibcad\framework\web\filters\CInlineFilter.php(58): CController->filterAccessControl(Object(CFilterChain))
#5 C:\xampp\htdocs\sibcad\framework\web\filters\CFilterChain.php(130): CInlineFilter->filter(Object(CFilterChain))
#6 C:\xampp\htdocs\sibcad\framework\web\CController.php(291): CFilterChain->run()
#7 C:\xampp\htdocs\sibcad\framework\web\CController.php(265): CController->runActionWithFilters(Object(CInlineAction), Array)
#8 C:\xampp\htdocs\sibcad\framework\web\CWebApplication.php(282): CController->run('frontendkegiata...')
#9 C:\xampp\htdocs\sibcad\framework\web\CWebApplication.php(141): CWebApplication->runController('kategori/fronte...')
#10 C:\xampp\htdocs\sibcad\framework\base\CApplication.php(180): CWebApplication->processRequest()
#11 C:\xampp\htdocs\sibcad\index.php(13): CApplication->run()
#12 {main}
REQUEST_URI=/sibcad/index.php/kategori/frontendkegiatan/Chart.bundle.js
HTTP_REFERER=http://192.168.1.32/sibcad/index.php/kategori/frontendkegiatan/3
---
2023/07/07 05:19:23 [error] [exception.CHttpException.400] CHttpException: Your request is invalid. in C:\xampp\htdocs\sibcad\framework\web\CController.php:336
Stack trace:
#0 C:\xampp\htdocs\sibcad\framework\web\CController.php(309): CController->invalidActionParams(Object(CInlineAction))
#1 C:\xampp\htdocs\sibcad\framework\web\filters\CFilterChain.php(133): CController->runAction(Object(CInlineAction))
#2 C:\xampp\htdocs\sibcad\framework\web\filters\CFilter.php(40): CFilterChain->run()
#3 C:\xampp\htdocs\sibcad\framework\web\CController.php(1145): CFilter->filter(Object(CFilterChain))
#4 C:\xampp\htdocs\sibcad\framework\web\filters\CInlineFilter.php(58): CController->filterAccessControl(Object(CFilterChain))
#5 C:\xampp\htdocs\sibcad\framework\web\filters\CFilterChain.php(130): CInlineFilter->filter(Object(CFilterChain))
#6 C:\xampp\htdocs\sibcad\framework\web\CController.php(291): CFilterChain->run()
#7 C:\xampp\htdocs\sibcad\framework\web\CController.php(265): CController->runActionWithFilters(Object(CInlineAction), Array)
#8 C:\xampp\htdocs\sibcad\framework\web\CWebApplication.php(282): CController->run('frontendkegiata...')
#9 C:\xampp\htdocs\sibcad\framework\web\CWebApplication.php(141): CWebApplication->runController('kategori/fronte...')
#10 C:\xampp\htdocs\sibcad\framework\base\CApplication.php(180): CWebApplication->processRequest()
#11 C:\xampp\htdocs\sibcad\index.php(13): CApplication->run()
#12 {main}
REQUEST_URI=/sibcad/index.php/kategori/frontendkegiatan/Chart.bundle.js
HTTP_REFERER=http://192.168.1.32/sibcad/index.php/kategori/frontendkegiatan/3
---
2023/07/07 05:19:26 [error] [exception.CHttpException.404] CHttpException: The system is unable to find the requested action "Chart.bundle.js". in C:\xampp\htdocs\sibcad\framework\web\CController.php:483
Stack trace:
#0 C:\xampp\htdocs\sibcad\framework\web\CController.php(270): CController->missingAction('Chart.bundle.js')
#1 C:\xampp\htdocs\sibcad\framework\web\CWebApplication.php(282): CController->run('Chart.bundle.js')
#2 C:\xampp\htdocs\sibcad\framework\web\CWebApplication.php(141): CWebApplication->runController('kegiatanKabkota...')
#3 C:\xampp\htdocs\sibcad\framework\base\CApplication.php(180): CWebApplication->processRequest()
#4 C:\xampp\htdocs\sibcad\index.php(13): CApplication->run()
#5 {main}
REQUEST_URI=/sibcad/index.php/kegiatanKabkota/Chart.bundle.js
HTTP_REFERER=http://localhost/sibcad/index.php/kegiatanKabkota/admin
---
2023/07/07 05:19:46 [error] [exception.CHttpException.400] CHttpException: Your request is invalid. in C:\xampp\htdocs\sibcad\framework\web\CController.php:336
Stack trace:
#0 C:\xampp\htdocs\sibcad\framework\web\CController.php(309): CController->invalidActionParams(Object(CInlineAction))
#1 C:\xampp\htdocs\sibcad\framework\web\filters\CFilterChain.php(133): CController->runAction(Object(CInlineAction))
#2 C:\xampp\htdocs\sibcad\framework\web\filters\CFilter.php(40): CFilterChain->run()
#3 C:\xampp\htdocs\sibcad\framework\web\CController.php(1145): CFilter->filter(Object(CFilterChain))
#4 C:\xampp\htdocs\sibcad\framework\web\filters\CInlineFilter.php(58): CController->filterAccessControl(Object(CFilterChain))
#5 C:\xampp\htdocs\sibcad\framework\web\filters\CFilterChain.php(130): CInlineFilter->filter(Object(CFilterChain))
#6 C:\xampp\htdocs\sibcad\framework\web\CController.php(291): CFilterChain->run()
#7 C:\xampp\htdocs\sibcad\framework\web\CController.php(265): CController->runActionWithFilters(Object(CInlineAction), Array)
#8 C:\xampp\htdocs\sibcad\framework\web\CWebApplication.php(282): CController->run('frontendkegiata...')
#9 C:\xampp\htdocs\sibcad\framework\web\CWebApplication.php(141): CWebApplication->runController('kategori/fronte...')
#10 C:\xampp\htdocs\sibcad\framework\base\CApplication.php(180): CWebApplication->processRequest()
#11 C:\xampp\htdocs\sibcad\index.php(13): CApplication->run()
#12 {main}
REQUEST_URI=/sibcad/index.php/kategori/frontendkegiatan/Chart.bundle.js
HTTP_REFERER=http://192.168.1.32/sibcad/index.php/kategori/frontendkegiatan/3
---
2023/07/07 05:20:24 [error] [exception.CHttpException.400] CHttpException: Your request is invalid. in C:\xampp\htdocs\sibcad\framework\web\CController.php:336
Stack trace:
#0 C:\xampp\htdocs\sibcad\framework\web\CController.php(309): CController->invalidActionParams(Object(CInlineAction))
#1 C:\xampp\htdocs\sibcad\framework\web\filters\CFilterChain.php(133): CController->runAction(Object(CInlineAction))
#2 C:\xampp\htdocs\sibcad\framework\web\filters\CFilter.php(40): CFilterChain->run()
#3 C:\xampp\htdocs\sibcad\framework\web\CController.php(1145): CFilter->filter(Object(CFilterChain))
#4 C:\xampp\htdocs\sibcad\framework\web\filters\CInlineFilter.php(58): CController->filterAccessControl(Object(CFilterChain))
#5 C:\xampp\htdocs\sibcad\framework\web\filters\CFilterChain.php(130): CInlineFilter->filter(Object(CFilterChain))
#6 C:\xampp\htdocs\sibcad\framework\web\CController.php(291): CFilterChain->run()
#7 C:\xampp\htdocs\sibcad\framework\web\CController.php(265): CController->runActionWithFilters(Object(CInlineAction), Array)
#8 C:\xampp\htdocs\sibcad\framework\web\CWebApplication.php(282): CController->run('frontendkegiata...')
#9 C:\xampp\htdocs\sibcad\framework\web\CWebApplication.php(141): CWebApplication->runController('kategori/fronte...')
#10 C:\xampp\htdocs\sibcad\framework\base\CApplication.php(180): CWebApplication->processRequest()
#11 C:\xampp\htdocs\sibcad\index.php(13): CApplication->run()
#12 {main}
REQUEST_URI=/sibcad/index.php/kategori/frontendkegiatan/Chart.bundle.js
HTTP_REFERER=http://192.168.1.32/sibcad/index.php/kategori/frontendkegiatan/3
---
2023/07/07 05:21:16 [error] [exception.CHttpException.400] CHttpException: Your request is invalid. in C:\xampp\htdocs\sibcad\framework\web\CController.php:336
Stack trace:
#0 C:\xampp\htdocs\sibcad\framework\web\CController.php(309): CController->invalidActionParams(Object(CInlineAction))
#1 C:\xampp\htdocs\sibcad\framework\web\filters\CFilterChain.php(133): CController->runAction(Object(CInlineAction))
#2 C:\xampp\htdocs\sibcad\framework\web\filters\CFilter.php(40): CFilterChain->run()
#3 C:\xampp\htdocs\sibcad\framework\web\CController.php(1145): CFilter->filter(Object(CFilterChain))
#4 C:\xampp\htdocs\sibcad\framework\web\filters\CInlineFilter.php(58): CController->filterAccessControl(Object(CFilterChain))
#5 C:\xampp\htdocs\sibcad\framework\web\filters\CFilterChain.php(130): CInlineFilter->filter(Object(CFilterChain))
#6 C:\xampp\htdocs\sibcad\framework\web\CController.php(291): CFilterChain->run()
#7 C:\xampp\htdocs\sibcad\framework\web\CController.php(265): CController->runActionWithFilters(Object(CInlineAction), Array)
#8 C:\xampp\htdocs\sibcad\framework\web\CWebApplication.php(282): CController->run('frontendkegiata...')
#9 C:\xampp\htdocs\sibcad\framework\web\CWebApplication.php(141): CWebApplication->runController('kategori/fronte...')
#10 C:\xampp\htdocs\sibcad\framework\base\CApplication.php(180): CWebApplication->processRequest()
#11 C:\xampp\htdocs\sibcad\index.php(13): CApplication->run()
#12 {main}
REQUEST_URI=/sibcad/index.php/kategori/frontendkegiatan/Chart.bundle.js
HTTP_REFERER=http://192.168.1.32/sibcad/index.php/kategori/frontendkegiatan/3
---
2023/07/07 05:21:56 [error] [exception.CHttpException.400] CHttpException: Your request is invalid. in C:\xampp\htdocs\sibcad\framework\web\CController.php:336
Stack trace:
#0 C:\xampp\htdocs\sibcad\framework\web\CController.php(309): CController->invalidActionParams(Object(CInlineAction))
#1 C:\xampp\htdocs\sibcad\framework\web\filters\CFilterChain.php(133): CController->runAction(Object(CInlineAction))
#2 C:\xampp\htdocs\sibcad\framework\web\filters\CFilter.php(40): CFilterChain->run()
#3 C:\xampp\htdocs\sibcad\framework\web\CController.php(1145): CFilter->filter(Object(CFilterChain))
#4 C:\xampp\htdocs\sibcad\framework\web\filters\CInlineFilter.php(58): CController->filterAccessControl(Object(CFilterChain))
#5 C:\xampp\htdocs\sibcad\framework\web\filters\CFilterChain.php(130): CInlineFilter->filter(Object(CFilterChain))
#6 C:\xampp\htdocs\sibcad\framework\web\CController.php(291): CFilterChain->run()
#7 C:\xampp\htdocs\sibcad\framework\web\CController.php(265): CController->runActionWithFilters(Object(CInlineAction), Array)
#8 C:\xampp\htdocs\sibcad\framework\web\CWebApplication.php(282): CController->run('frontendkegiata...')
#9 C:\xampp\htdocs\sibcad\framework\web\CWebApplication.php(141): CWebApplication->runController('kategori/fronte...')
#10 C:\xampp\htdocs\sibcad\framework\base\CApplication.php(180): CWebApplication->processRequest()
#11 C:\xampp\htdocs\sibcad\index.php(13): CApplication->run()
#12 {main}
REQUEST_URI=/sibcad/index.php/kategori/frontendkegiatan/Chart.bundle.js
HTTP_REFERER=http://192.168.1.32/sibcad/index.php/kategori/frontendkegiatan/3
---
2023/07/07 05:23:37 [error] [exception.CHttpException.404] CHttpException: The system is unable to find the requested action "Chart.bundle.js". in C:\xampp\htdocs\sibcad\framework\web\CController.php:483
Stack trace:
#0 C:\xampp\htdocs\sibcad\framework\web\CController.php(270): CController->missingAction('Chart.bundle.js')
#1 C:\xampp\htdocs\sibcad\framework\web\CWebApplication.php(282): CController->run('Chart.bundle.js')
#2 C:\xampp\htdocs\sibcad\framework\web\CWebApplication.php(141): CWebApplication->runController('kegiatanKabkota...')
#3 C:\xampp\htdocs\sibcad\framework\base\CApplication.php(180): CWebApplication->processRequest()
#4 C:\xampp\htdocs\sibcad\index.php(13): CApplication->run()
#5 {main}
REQUEST_URI=/sibcad/index.php/kegiatanKabkota/Chart.bundle.js
HTTP_REFERER=http://localhost/sibcad/index.php/kegiatanKabkota/admin
---
2023/07/07 05:23:39 [error] [exception.CHttpException.404] CHttpException: The system is unable to find the requested action "Chart.bundle.js". in C:\xampp\htdocs\sibcad\framework\web\CController.php:483
Stack trace:
#0 C:\xampp\htdocs\sibcad\framework\web\CController.php(270): CController->missingAction('Chart.bundle.js')
#1 C:\xampp\htdocs\sibcad\framework\web\CWebApplication.php(282): CController->run('Chart.bundle.js')
#2 C:\xampp\htdocs\sibcad\framework\web\CWebApplication.php(141): CWebApplication->runController('kegiatanProvins...')
#3 C:\xampp\htdocs\sibcad\framework\base\CApplication.php(180): CWebApplication->processRequest()
#4 C:\xampp\htdocs\sibcad\index.php(13): CApplication->run()
#5 {main}
REQUEST_URI=/sibcad/index.php/kegiatanProvinsi/Chart.bundle.js
HTTP_REFERER=http://localhost/sibcad/index.php/kegiatanProvinsi/admin
---
2023/07/07 05:23:45 [error] [exception.CHttpException.404] CHttpException: The system is unable to find the requested action "Chart.bundle.js". in C:\xampp\htdocs\sibcad\framework\web\CController.php:483
Stack trace:
#0 C:\xampp\htdocs\sibcad\framework\web\CController.php(270): CController->missingAction('Chart.bundle.js')
#1 C:\xampp\htdocs\sibcad\framework\web\CWebApplication.php(282): CController->run('Chart.bundle.js')
#2 C:\xampp\htdocs\sibcad\framework\web\CWebApplication.php(141): CWebApplication->runController('kegiatanKabkota...')
#3 C:\xampp\htdocs\sibcad\framework\base\CApplication.php(180): CWebApplication->processRequest()
#4 C:\xampp\htdocs\sibcad\index.php(13): CApplication->run()
#5 {main}
REQUEST_URI=/sibcad/index.php/kegiatanKabkota/Chart.bundle.js
HTTP_REFERER=http://localhost/sibcad/index.php/kegiatanKabkota/admin
---
2023/07/07 05:31:32 [error] [exception.CHttpException.400] CHttpException: Your request is invalid. in C:\xampp\htdocs\sibcad\framework\web\CController.php:336
Stack trace:
#0 C:\xampp\htdocs\sibcad\framework\web\CController.php(309): CController->invalidActionParams(Object(CInlineAction))
#1 C:\xampp\htdocs\sibcad\framework\web\filters\CFilterChain.php(133): CController->runAction(Object(CInlineAction))
#2 C:\xampp\htdocs\sibcad\framework\web\filters\CFilter.php(40): CFilterChain->run()
#3 C:\xampp\htdocs\sibcad\framework\web\CController.php(1145): CFilter->filter(Object(CFilterChain))
#4 C:\xampp\htdocs\sibcad\framework\web\filters\CInlineFilter.php(58): CController->filterAccessControl(Object(CFilterChain))
#5 C:\xampp\htdocs\sibcad\framework\web\filters\CFilterChain.php(130): CInlineFilter->filter(Object(CFilterChain))
#6 C:\xampp\htdocs\sibcad\framework\web\CController.php(291): CFilterChain->run()
#7 C:\xampp\htdocs\sibcad\framework\web\CController.php(265): CController->runActionWithFilters(Object(CInlineAction), Array)
#8 C:\xampp\htdocs\sibcad\framework\web\CWebApplication.php(282): CController->run('frontendkegiata...')
#9 C:\xampp\htdocs\sibcad\framework\web\CWebApplication.php(141): CWebApplication->runController('kategori/fronte...')
#10 C:\xampp\htdocs\sibcad\framework\base\CApplication.php(180): CWebApplication->processRequest()
#11 C:\xampp\htdocs\sibcad\index.php(13): CApplication->run()
#12 {main}
REQUEST_URI=/sibcad/index.php/kategori/frontendkegiatan/Chart.bundle.js
HTTP_REFERER=http://192.168.1.32/sibcad/index.php/kategori/frontendkegiatan/3
---
2023/07/07 05:32:28 [error] [exception.CHttpException.400] CHttpException: Your request is invalid. in C:\xampp\htdocs\sibcad\framework\web\CController.php:336
Stack trace:
#0 C:\xampp\htdocs\sibcad\framework\web\CController.php(309): CController->invalidActionParams(Object(CInlineAction))
#1 C:\xampp\htdocs\sibcad\framework\web\filters\CFilterChain.php(133): CController->runAction(Object(CInlineAction))
#2 C:\xampp\htdocs\sibcad\framework\web\filters\CFilter.php(40): CFilterChain->run()
#3 C:\xampp\htdocs\sibcad\framework\web\CController.php(1145): CFilter->filter(Object(CFilterChain))
#4 C:\xampp\htdocs\sibcad\framework\web\filters\CInlineFilter.php(58): CController->filterAccessControl(Object(CFilterChain))
#5 C:\xampp\htdocs\sibcad\framework\web\filters\CFilterChain.php(130): CInlineFilter->filter(Object(CFilterChain))
#6 C:\xampp\htdocs\sibcad\framework\web\CController.php(291): CFilterChain->run()
#7 C:\xampp\htdocs\sibcad\framework\web\CController.php(265): CController->runActionWithFilters(Object(CInlineAction), Array)
#8 C:\xampp\htdocs\sibcad\framework\web\CWebApplication.php(282): CController->run('frontendkegiata...')
#9 C:\xampp\htdocs\sibcad\framework\web\CWebApplication.php(141): CWebApplication->runController('kategori/fronte...')
#10 C:\xampp\htdocs\sibcad\framework\base\CApplication.php(180): CWebApplication->processRequest()
#11 C:\xampp\htdocs\sibcad\index.php(13): CApplication->run()
#12 {main}
REQUEST_URI=/sibcad/index.php/kategori/frontendkegiatan/Chart.bundle.js
HTTP_REFERER=http://192.168.1.32/sibcad/index.php/kategori/frontendkegiatan/3
---
2023/07/07 05:32:30 [error] [exception.CHttpException.400] CHttpException: Your request is invalid. in C:\xampp\htdocs\sibcad\framework\web\CController.php:336
Stack trace:
#0 C:\xampp\htdocs\sibcad\framework\web\CController.php(309): CController->invalidActionParams(Object(CInlineAction))
#1 C:\xampp\htdocs\sibcad\framework\web\filters\CFilterChain.php(133): CController->runAction(Object(CInlineAction))
#2 C:\xampp\htdocs\sibcad\framework\web\filters\CFilter.php(40): CFilterChain->run()
#3 C:\xampp\htdocs\sibcad\framework\web\CController.php(1145): CFilter->filter(Object(CFilterChain))
#4 C:\xampp\htdocs\sibcad\framework\web\filters\CInlineFilter.php(58): CController->filterAccessControl(Object(CFilterChain))
#5 C:\xampp\htdocs\sibcad\framework\web\filters\CFilterChain.php(130): CInlineFilter->filter(Object(CFilterChain))
#6 C:\xampp\htdocs\sibcad\framework\web\CController.php(291): CFilterChain->run()
#7 C:\xampp\htdocs\sibcad\framework\web\CController.php(265): CController->runActionWithFilters(Object(CInlineAction), Array)
#8 C:\xampp\htdocs\sibcad\framework\web\CWebApplication.php(282): CController->run('frontendkegiata...')
#9 C:\xampp\htdocs\sibcad\framework\web\CWebApplication.php(141): CWebApplication->runController('kategori/fronte...')
#10 C:\xampp\htdocs\sibcad\framework\base\CApplication.php(180): CWebApplication->processRequest()
#11 C:\xampp\htdocs\sibcad\index.php(13): CApplication->run()
#12 {main}
REQUEST_URI=/sibcad/index.php/kategori/frontendkegiatan/Chart.bundle.js
HTTP_REFERER=http://192.168.1.32/sibcad/index.php/kategori/frontendkegiatan/3
---
2023/07/07 05:32:55 [error] [exception.CHttpException.400] CHttpException: Your request is invalid. in C:\xampp\htdocs\sibcad\framework\web\CController.php:336
Stack trace:
#0 C:\xampp\htdocs\sibcad\framework\web\CController.php(309): CController->invalidActionParams(Object(CInlineAction))
#1 C:\xampp\htdocs\sibcad\framework\web\filters\CFilterChain.php(133): CController->runAction(Object(CInlineAction))
#2 C:\xampp\htdocs\sibcad\framework\web\filters\CFilter.php(40): CFilterChain->run()
#3 C:\xampp\htdocs\sibcad\framework\web\CController.php(1145): CFilter->filter(Object(CFilterChain))
#4 C:\xampp\htdocs\sibcad\framework\web\filters\CInlineFilter.php(58): CController->filterAccessControl(Object(CFilterChain))
#5 C:\xampp\htdocs\sibcad\framework\web\filters\CFilterChain.php(130): CInlineFilter->filter(Object(CFilterChain))
#6 C:\xampp\htdocs\sibcad\framework\web\CController.php(291): CFilterChain->run()
#7 C:\xampp\htdocs\sibcad\framework\web\CController.php(265): CController->runActionWithFilters(Object(CInlineAction), Array)
#8 C:\xampp\htdocs\sibcad\framework\web\CWebApplication.php(282): CController->run('frontendkegiata...')
#9 C:\xampp\htdocs\sibcad\framework\web\CWebApplication.php(141): CWebApplication->runController('kategori/fronte...')
#10 C:\xampp\htdocs\sibcad\framework\base\CApplication.php(180): CWebApplication->processRequest()
#11 C:\xampp\htdocs\sibcad\index.php(13): CApplication->run()
#12 {main}
REQUEST_URI=/sibcad/index.php/kategori/frontendkegiatan/Chart.bundle.js
HTTP_REFERER=http://192.168.1.32/sibcad/index.php/kategori/frontendkegiatan/4
---
2023/07/07 05:33:07 [error] [exception.CHttpException.400] CHttpException: Your request is invalid. in C:\xampp\htdocs\sibcad\framework\web\CController.php:336
Stack trace:
#0 C:\xampp\htdocs\sibcad\framework\web\CController.php(309): CController->invalidActionParams(Object(CInlineAction))
#1 C:\xampp\htdocs\sibcad\framework\web\filters\CFilterChain.php(133): CController->runAction(Object(CInlineAction))
#2 C:\xampp\htdocs\sibcad\framework\web\filters\CFilter.php(40): CFilterChain->run()
#3 C:\xampp\htdocs\sibcad\framework\web\CController.php(1145): CFilter->filter(Object(CFilterChain))
#4 C:\xampp\htdocs\sibcad\framework\web\filters\CInlineFilter.php(58): CController->filterAccessControl(Object(CFilterChain))
#5 C:\xampp\htdocs\sibcad\framework\web\filters\CFilterChain.php(130): CInlineFilter->filter(Object(CFilterChain))
#6 C:\xampp\htdocs\sibcad\framework\web\CController.php(291): CFilterChain->run()
#7 C:\xampp\htdocs\sibcad\framework\web\CController.php(265): CController->runActionWithFilters(Object(CInlineAction), Array)
#8 C:\xampp\htdocs\sibcad\framework\web\CWebApplication.php(282): CController->run('frontendkegiata...')
#9 C:\xampp\htdocs\sibcad\framework\web\CWebApplication.php(141): CWebApplication->runController('kategori/fronte...')
#10 C:\xampp\htdocs\sibcad\framework\base\CApplication.php(180): CWebApplication->processRequest()
#11 C:\xampp\htdocs\sibcad\index.php(13): CApplication->run()
#12 {main}
REQUEST_URI=/sibcad/index.php/kategori/frontendkegiatan/kegiatan.php
HTTP_REFERER=http://192.168.1.32/sibcad/index.php/kategori/frontendkegiatan/4
---
2023/07/07 05:33:09 [error] [exception.CHttpException.400] CHttpException: Your request is invalid. in C:\xampp\htdocs\sibcad\framework\web\CController.php:336
Stack trace:
#0 C:\xampp\htdocs\sibcad\framework\web\CController.php(309): CController->invalidActionParams(Object(CInlineAction))
#1 C:\xampp\htdocs\sibcad\framework\web\filters\CFilterChain.php(133): CController->runAction(Object(CInlineAction))
#2 C:\xampp\htdocs\sibcad\framework\web\filters\CFilter.php(40): CFilterChain->run()
#3 C:\xampp\htdocs\sibcad\framework\web\CController.php(1145): CFilter->filter(Object(CFilterChain))
#4 C:\xampp\htdocs\sibcad\framework\web\filters\CInlineFilter.php(58): CController->filterAccessControl(Object(CFilterChain))
#5 C:\xampp\htdocs\sibcad\framework\web\filters\CFilterChain.php(130): CInlineFilter->filter(Object(CFilterChain))
#6 C:\xampp\htdocs\sibcad\framework\web\CController.php(291): CFilterChain->run()
#7 C:\xampp\htdocs\sibcad\framework\web\CController.php(265): CController->runActionWithFilters(Object(CInlineAction), Array)
#8 C:\xampp\htdocs\sibcad\framework\web\CWebApplication.php(282): CController->run('frontendkegiata...')
#9 C:\xampp\htdocs\sibcad\framework\web\CWebApplication.php(141): CWebApplication->runController('kategori/fronte...')
#10 C:\xampp\htdocs\sibcad\framework\base\CApplication.php(180): CWebApplication->processRequest()
#11 C:\xampp\htdocs\sibcad\index.php(13): CApplication->run()
#12 {main}
REQUEST_URI=/sibcad/index.php/kategori/frontendkegiatan/Chart.bundle.js
HTTP_REFERER=http://192.168.1.32/sibcad/index.php/kategori/frontendkegiatan/4
---
2023/07/07 05:34:03 [error] [exception.CHttpException.400] CHttpException: Your request is invalid. in C:\xampp\htdocs\sibcad\framework\web\CController.php:336
Stack trace:
#0 C:\xampp\htdocs\sibcad\framework\web\CController.php(309): CController->invalidActionParams(Object(CInlineAction))
#1 C:\xampp\htdocs\sibcad\framework\web\filters\CFilterChain.php(133): CController->runAction(Object(CInlineAction))
#2 C:\xampp\htdocs\sibcad\framework\web\filters\CFilter.php(40): CFilterChain->run()
#3 C:\xampp\htdocs\sibcad\framework\web\CController.php(1145): CFilter->filter(Object(CFilterChain))
#4 C:\xampp\htdocs\sibcad\framework\web\filters\CInlineFilter.php(58): CController->filterAccessControl(Object(CFilterChain))
#5 C:\xampp\htdocs\sibcad\framework\web\filters\CFilterChain.php(130): CInlineFilter->filter(Object(CFilterChain))
#6 C:\xampp\htdocs\sibcad\framework\web\CController.php(291): CFilterChain->run()
#7 C:\xampp\htdocs\sibcad\framework\web\CController.php(265): CController->runActionWithFilters(Object(CInlineAction), Array)
#8 C:\xampp\htdocs\sibcad\framework\web\CWebApplication.php(282): CController->run('frontendkegiata...')
#9 C:\xampp\htdocs\sibcad\framework\web\CWebApplication.php(141): CWebApplication->runController('kategori/fronte...')
#10 C:\xampp\htdocs\sibcad\framework\base\CApplication.php(180): CWebApplication->processRequest()
#11 C:\xampp\htdocs\sibcad\index.php(13): CApplication->run()
#12 {main}
REQUEST_URI=/sibcad/index.php/kategori/frontendkegiatan/Chart.bundle.js
HTTP_REFERER=http://192.168.1.32/sibcad/index.php/kategori/frontendkegiatan/4
---
2023/07/07 05:34:08 [error] [exception.CHttpException.400] CHttpException: Your request is invalid. in C:\xampp\htdocs\sibcad\framework\web\CController.php:336
Stack trace:
#0 C:\xampp\htdocs\sibcad\framework\web\CController.php(309): CController->invalidActionParams(Object(CInlineAction))
#1 C:\xampp\htdocs\sibcad\framework\web\filters\CFilterChain.php(133): CController->runAction(Object(CInlineAction))
#2 C:\xampp\htdocs\sibcad\framework\web\filters\CFilter.php(40): CFilterChain->run()
#3 C:\xampp\htdocs\sibcad\framework\web\CController.php(1145): CFilter->filter(Object(CFilterChain))
#4 C:\xampp\htdocs\sibcad\framework\web\filters\CInlineFilter.php(58): CController->filterAccessControl(Object(CFilterChain))
#5 C:\xampp\htdocs\sibcad\framework\web\filters\CFilterChain.php(130): CInlineFilter->filter(Object(CFilterChain))
#6 C:\xampp\htdocs\sibcad\framework\web\CController.php(291): CFilterChain->run()
#7 C:\xampp\htdocs\sibcad\framework\web\CController.php(265): CController->runActionWithFilters(Object(CInlineAction), Array)
#8 C:\xampp\htdocs\sibcad\framework\web\CWebApplication.php(282): CController->run('frontendkegiata...')
#9 C:\xampp\htdocs\sibcad\framework\web\CWebApplication.php(141): CWebApplication->runController('kategori/fronte...')
#10 C:\xampp\htdocs\sibcad\framework\base\CApplication.php(180): CWebApplication->processRequest()
#11 C:\xampp\htdocs\sibcad\index.php(13): CApplication->run()
#12 {main}
REQUEST_URI=/sibcad/index.php/kategori/frontendkegiatan/Chart.bundle.js
HTTP_REFERER=http://192.168.1.32/sibcad/index.php/kategori/frontendkegiatan/4
---
2023/07/07 05:34:33 [error] [exception.CHttpException.400] CHttpException: Your request is invalid. in C:\xampp\htdocs\sibcad\framework\web\CController.php:336
Stack trace:
#0 C:\xampp\htdocs\sibcad\framework\web\CController.php(309): CController->invalidActionParams(Object(CInlineAction))
#1 C:\xampp\htdocs\sibcad\framework\web\filters\CFilterChain.php(133): CController->runAction(Object(CInlineAction))
#2 C:\xampp\htdocs\sibcad\framework\web\filters\CFilter.php(40): CFilterChain->run()
#3 C:\xampp\htdocs\sibcad\framework\web\CController.php(1145): CFilter->filter(Object(CFilterChain))
#4 C:\xampp\htdocs\sibcad\framework\web\filters\CInlineFilter.php(58): CController->filterAccessControl(Object(CFilterChain))
#5 C:\xampp\htdocs\sibcad\framework\web\filters\CFilterChain.php(130): CInlineFilter->filter(Object(CFilterChain))
#6 C:\xampp\htdocs\sibcad\framework\web\CController.php(291): CFilterChain->run()
#7 C:\xampp\htdocs\sibcad\framework\web\CController.php(265): CController->runActionWithFilters(Object(CInlineAction), Array)
#8 C:\xampp\htdocs\sibcad\framework\web\CWebApplication.php(282): CController->run('frontendkegiata...')
#9 C:\xampp\htdocs\sibcad\framework\web\CWebApplication.php(141): CWebApplication->runController('kategori/fronte...')
#10 C:\xampp\htdocs\sibcad\framework\base\CApplication.php(180): CWebApplication->processRequest()
#11 C:\xampp\htdocs\sibcad\index.php(13): CApplication->run()
#12 {main}
REQUEST_URI=/sibcad/index.php/kategori/frontendkegiatan/Chart.bundle.js
HTTP_REFERER=http://192.168.1.32/sibcad/index.php/kategori/frontendkegiatan/4
---
2023/07/07 05:35:19 [error] [exception.CHttpException.404] CHttpException: The system is unable to find the requested action "Chart.bundle.js". in C:\xampp\htdocs\sibcad\framework\web\CController.php:483
Stack trace:
#0 C:\xampp\htdocs\sibcad\framework\web\CController.php(270): CController->missingAction('Chart.bundle.js')
#1 C:\xampp\htdocs\sibcad\framework\web\CWebApplication.php(282): CController->run('Chart.bundle.js')
#2 C:\xampp\htdocs\sibcad\framework\web\CWebApplication.php(141): CWebApplication->runController('kegiatanProvins...')
#3 C:\xampp\htdocs\sibcad\framework\base\CApplication.php(180): CWebApplication->processRequest()
#4 C:\xampp\htdocs\sibcad\index.php(13): CApplication->run()
#5 {main}
REQUEST_URI=/sibcad/index.php/kegiatanProvinsi/Chart.bundle.js
HTTP_REFERER=http://localhost/sibcad/index.php/kegiatanProvinsi/admin
---
2023/07/07 05:35:41 [error] [exception.CHttpException.404] CHttpException: The system is unable to find the requested action "Chart.bundle.js". in C:\xampp\htdocs\sibcad\framework\web\CController.php:483
Stack trace:
#0 C:\xampp\htdocs\sibcad\framework\web\CController.php(270): CController->missingAction('Chart.bundle.js')
#1 C:\xampp\htdocs\sibcad\framework\web\CWebApplication.php(282): CController->run('Chart.bundle.js')
#2 C:\xampp\htdocs\sibcad\framework\web\CWebApplication.php(141): CWebApplication->runController('kegiatanKabkota...')
#3 C:\xampp\htdocs\sibcad\framework\base\CApplication.php(180): CWebApplication->processRequest()
#4 C:\xampp\htdocs\sibcad\index.php(13): CApplication->run()
#5 {main}
REQUEST_URI=/sibcad/index.php/kegiatanKabkota/Chart.bundle.js
HTTP_REFERER=http://localhost/sibcad/index.php/kegiatanKabkota/admin
---
2023/07/07 05:38:39 [error] [exception.CHttpException.400] CHttpException: Your request is invalid. in C:\xampp\htdocs\sibcad\framework\web\CController.php:336
Stack trace:
#0 C:\xampp\htdocs\sibcad\framework\web\CController.php(309): CController->invalidActionParams(Object(CInlineAction))
#1 C:\xampp\htdocs\sibcad\framework\web\filters\CFilterChain.php(133): CController->runAction(Object(CInlineAction))
#2 C:\xampp\htdocs\sibcad\framework\web\filters\CFilter.php(40): CFilterChain->run()
#3 C:\xampp\htdocs\sibcad\framework\web\CController.php(1145): CFilter->filter(Object(CFilterChain))
#4 C:\xampp\htdocs\sibcad\framework\web\filters\CInlineFilter.php(58): CController->filterAccessControl(Object(CFilterChain))
#5 C:\xampp\htdocs\sibcad\framework\web\filters\CFilterChain.php(130): CInlineFilter->filter(Object(CFilterChain))
#6 C:\xampp\htdocs\sibcad\framework\web\CController.php(291): CFilterChain->run()
#7 C:\xampp\htdocs\sibcad\framework\web\CController.php(265): CController->runActionWithFilters(Object(CInlineAction), Array)
#8 C:\xampp\htdocs\sibcad\framework\web\CWebApplication.php(282): CController->run('frontendkegiata...')
#9 C:\xampp\htdocs\sibcad\framework\web\CWebApplication.php(141): CWebApplication->runController('kategori/fronte...')
#10 C:\xampp\htdocs\sibcad\framework\base\CApplication.php(180): CWebApplication->processRequest()
#11 C:\xampp\htdocs\sibcad\index.php(13): CApplication->run()
#12 {main}
REQUEST_URI=/sibcad/index.php/kategori/frontendkegiatan/Chart.bundle.js
HTTP_REFERER=http://192.168.43.122/sibcad/index.php/kategori/frontendkegiatan/4
---
2023/07/07 05:40:51 [error] [exception.CHttpException.400] CHttpException: Your request is invalid. in C:\xampp\htdocs\sibcad\framework\web\CController.php:336
Stack trace:
#0 C:\xampp\htdocs\sibcad\framework\web\CController.php(309): CController->invalidActionParams(Object(CInlineAction))
#1 C:\xampp\htdocs\sibcad\framework\web\filters\CFilterChain.php(133): CController->runAction(Object(CInlineAction))
#2 C:\xampp\htdocs\sibcad\framework\web\filters\CFilter.php(40): CFilterChain->run()
#3 C:\xampp\htdocs\sibcad\framework\web\CController.php(1145): CFilter->filter(Object(CFilterChain))
#4 C:\xampp\htdocs\sibcad\framework\web\filters\CInlineFilter.php(58): CController->filterAccessControl(Object(CFilterChain))
#5 C:\xampp\htdocs\sibcad\framework\web\filters\CFilterChain.php(130): CInlineFilter->filter(Object(CFilterChain))
#6 C:\xampp\htdocs\sibcad\framework\web\CController.php(291): CFilterChain->run()
#7 C:\xampp\htdocs\sibcad\framework\web\CController.php(265): CController->runActionWithFilters(Object(CInlineAction), Array)
#8 C:\xampp\htdocs\sibcad\framework\web\CWebApplication.php(282): CController->run('frontendkegiata...')
#9 C:\xampp\htdocs\sibcad\framework\web\CWebApplication.php(141): CWebApplication->runController('kategori/fronte...')
#10 C:\xampp\htdocs\sibcad\framework\base\CApplication.php(180): CWebApplication->processRequest()
#11 C:\xampp\htdocs\sibcad\index.php(13): CApplication->run()
#12 {main}
REQUEST_URI=/sibcad/index.php/kategori/frontendkegiatan/Chart.bundle.js
HTTP_REFERER=http://192.168.43.122/sibcad/index.php/kategori/frontendkegiatan/4
---
2023/07/07 05:41:22 [error] [exception.CHttpException.400] CHttpException: Your request is invalid. in C:\xampp\htdocs\sibcad\framework\web\CController.php:336
Stack trace:
#0 C:\xampp\htdocs\sibcad\framework\web\CController.php(309): CController->invalidActionParams(Object(CInlineAction))
#1 C:\xampp\htdocs\sibcad\framework\web\filters\CFilterChain.php(133): CController->runAction(Object(CInlineAction))
#2 C:\xampp\htdocs\sibcad\framework\web\filters\CFilter.php(40): CFilterChain->run()
#3 C:\xampp\htdocs\sibcad\framework\web\CController.php(1145): CFilter->filter(Object(CFilterChain))
#4 C:\xampp\htdocs\sibcad\framework\web\filters\CInlineFilter.php(58): CController->filterAccessControl(Object(CFilterChain))
#5 C:\xampp\htdocs\sibcad\framework\web\filters\CFilterChain.php(130): CInlineFilter->filter(Object(CFilterChain))
#6 C:\xampp\htdocs\sibcad\framework\web\CController.php(291): CFilterChain->run()
#7 C:\xampp\htdocs\sibcad\framework\web\CController.php(265): CController->runActionWithFilters(Object(CInlineAction), Array)
#8 C:\xampp\htdocs\sibcad\framework\web\CWebApplication.php(282): CController->run('frontendkegiata...')
#9 C:\xampp\htdocs\sibcad\framework\web\CWebApplication.php(141): CWebApplication->runController('kategori/fronte...')
#10 C:\xampp\htdocs\sibcad\framework\base\CApplication.php(180): CWebApplication->processRequest()
#11 C:\xampp\htdocs\sibcad\index.php(13): CApplication->run()
#12 {main}
REQUEST_URI=/sibcad/index.php/kategori/frontendkegiatankabkota/Chart.bundle.js
HTTP_REFERER=http://192.168.43.122/sibcad/index.php/kategori/frontendkegiatankabkota/1
---
2023/07/07 05:41:56 [error] [exception.CHttpException.400] CHttpException: Your request is invalid. in C:\xampp\htdocs\sibcad\framework\web\CController.php:336
Stack trace:
#0 C:\xampp\htdocs\sibcad\framework\web\CController.php(309): CController->invalidActionParams(Object(CInlineAction))
#1 C:\xampp\htdocs\sibcad\framework\web\filters\CFilterChain.php(133): CController->runAction(Object(CInlineAction))
#2 C:\xampp\htdocs\sibcad\framework\web\filters\CFilter.php(40): CFilterChain->run()
#3 C:\xampp\htdocs\sibcad\framework\web\CController.php(1145): CFilter->filter(Object(CFilterChain))
#4 C:\xampp\htdocs\sibcad\framework\web\filters\CInlineFilter.php(58): CController->filterAccessControl(Object(CFilterChain))
#5 C:\xampp\htdocs\sibcad\framework\web\filters\CFilterChain.php(130): CInlineFilter->filter(Object(CFilterChain))
#6 C:\xampp\htdocs\sibcad\framework\web\CController.php(291): CFilterChain->run()
#7 C:\xampp\htdocs\sibcad\framework\web\CController.php(265): CController->runActionWithFilters(Object(CInlineAction), Array)
#8 C:\xampp\htdocs\sibcad\framework\web\CWebApplication.php(282): CController->run('frontendkegiata...')
#9 C:\xampp\htdocs\sibcad\framework\web\CWebApplication.php(141): CWebApplication->runController('kategori/fronte...')
#10 C:\xampp\htdocs\sibcad\framework\base\CApplication.php(180): CWebApplication->processRequest()
#11 C:\xampp\htdocs\sibcad\index.php(13): CApplication->run()
#12 {main}
REQUEST_URI=/sibcad/index.php/kategori/frontendkegiatankabkota/Chart.bundle.js
HTTP_REFERER=http://192.168.43.122/sibcad/index.php/kategori/frontendkegiatankabkota/1
---
2023/07/07 05:42:58 [error] [exception.CHttpException.400] CHttpException: Your request is invalid. in C:\xampp\htdocs\sibcad\framework\web\CController.php:336
Stack trace:
#0 C:\xampp\htdocs\sibcad\framework\web\CController.php(309): CController->invalidActionParams(Object(CInlineAction))
#1 C:\xampp\htdocs\sibcad\framework\web\filters\CFilterChain.php(133): CController->runAction(Object(CInlineAction))
#2 C:\xampp\htdocs\sibcad\framework\web\filters\CFilter.php(40): CFilterChain->run()
#3 C:\xampp\htdocs\sibcad\framework\web\CController.php(1145): CFilter->filter(Object(CFilterChain))
#4 C:\xampp\htdocs\sibcad\framework\web\filters\CInlineFilter.php(58): CController->filterAccessControl(Object(CFilterChain))
#5 C:\xampp\htdocs\sibcad\framework\web\filters\CFilterChain.php(130): CInlineFilter->filter(Object(CFilterChain))
#6 C:\xampp\htdocs\sibcad\framework\web\CController.php(291): CFilterChain->run()
#7 C:\xampp\htdocs\sibcad\framework\web\CController.php(265): CController->runActionWithFilters(Object(CInlineAction), Array)
#8 C:\xampp\htdocs\sibcad\framework\web\CWebApplication.php(282): CController->run('frontendkegiata...')
#9 C:\xampp\htdocs\sibcad\framework\web\CWebApplication.php(141): CWebApplication->runController('kategori/fronte...')
#10 C:\xampp\htdocs\sibcad\framework\base\CApplication.php(180): CWebApplication->processRequest()
#11 C:\xampp\htdocs\sibcad\index.php(13): CApplication->run()
#12 {main}
REQUEST_URI=/sibcad/index.php/kategori/frontendkegiatan/Chart.bundle.js
HTTP_REFERER=http://192.168.43.122/sibcad/index.php/kategori/frontendkegiatan/3
---
2023/07/07 05:43:02 [error] [exception.CHttpException.400] CHttpException: Your request is invalid. in C:\xampp\htdocs\sibcad\framework\web\CController.php:336
Stack trace:
#0 C:\xampp\htdocs\sibcad\framework\web\CController.php(309): CController->invalidActionParams(Object(CInlineAction))
#1 C:\xampp\htdocs\sibcad\framework\web\filters\CFilterChain.php(133): CController->runAction(Object(CInlineAction))
#2 C:\xampp\htdocs\sibcad\framework\web\filters\CFilter.php(40): CFilterChain->run()
#3 C:\xampp\htdocs\sibcad\framework\web\CController.php(1145): CFilter->filter(Object(CFilterChain))
#4 C:\xampp\htdocs\sibcad\framework\web\filters\CInlineFilter.php(58): CController->filterAccessControl(Object(CFilterChain))
#5 C:\xampp\htdocs\sibcad\framework\web\filters\CFilterChain.php(130): CInlineFilter->filter(Object(CFilterChain))
#6 C:\xampp\htdocs\sibcad\framework\web\CController.php(291): CFilterChain->run()
#7 C:\xampp\htdocs\sibcad\framework\web\CController.php(265): CController->runActionWithFilters(Object(CInlineAction), Array)
#8 C:\xampp\htdocs\sibcad\framework\web\CWebApplication.php(282): CController->run('frontendkegiata...')
#9 C:\xampp\htdocs\sibcad\framework\web\CWebApplication.php(141): CWebApplication->runController('kategori/fronte...')
#10 C:\xampp\htdocs\sibcad\framework\base\CApplication.php(180): CWebApplication->processRequest()
#11 C:\xampp\htdocs\sibcad\index.php(13): CApplication->run()
#12 {main}
REQUEST_URI=/sibcad/index.php/kategori/frontendkegiatan/kegiatan.php
HTTP_REFERER=http://192.168.43.122/sibcad/index.php/kategori/frontendkegiatan/3
---
2023/07/07 05:43:03 [error] [exception.CHttpException.400] CHttpException: Your request is invalid. in C:\xampp\htdocs\sibcad\framework\web\CController.php:336
Stack trace:
#0 C:\xampp\htdocs\sibcad\framework\web\CController.php(309): CController->invalidActionParams(Object(CInlineAction))
#1 C:\xampp\htdocs\sibcad\framework\web\filters\CFilterChain.php(133): CController->runAction(Object(CInlineAction))
#2 C:\xampp\htdocs\sibcad\framework\web\filters\CFilter.php(40): CFilterChain->run()
#3 C:\xampp\htdocs\sibcad\framework\web\CController.php(1145): CFilter->filter(Object(CFilterChain))
#4 C:\xampp\htdocs\sibcad\framework\web\filters\CInlineFilter.php(58): CController->filterAccessControl(Object(CFilterChain))
#5 C:\xampp\htdocs\sibcad\framework\web\filters\CFilterChain.php(130): CInlineFilter->filter(Object(CFilterChain))
#6 C:\xampp\htdocs\sibcad\framework\web\CController.php(291): CFilterChain->run()
#7 C:\xampp\htdocs\sibcad\framework\web\CController.php(265): CController->runActionWithFilters(Object(CInlineAction), Array)
#8 C:\xampp\htdocs\sibcad\framework\web\CWebApplication.php(282): CController->run('frontendkegiata...')
#9 C:\xampp\htdocs\sibcad\framework\web\CWebApplication.php(141): CWebApplication->runController('kategori/fronte...')
#10 C:\xampp\htdocs\sibcad\framework\base\CApplication.php(180): CWebApplication->processRequest()
#11 C:\xampp\htdocs\sibcad\index.php(13): CApplication->run()
#12 {main}
REQUEST_URI=/sibcad/index.php/kategori/frontendkegiatan/Chart.bundle.js
HTTP_REFERER=http://192.168.43.122/sibcad/index.php/kategori/frontendkegiatan/3
---
2023/07/07 05:43:12 [error] [exception.CHttpException.404] CHttpException: The system is unable to find the requested action "Chart.bundle.js". in C:\xampp\htdocs\sibcad\framework\web\CController.php:483
Stack trace:
#0 C:\xampp\htdocs\sibcad\framework\web\CController.php(270): CController->missingAction('Chart.bundle.js')
#1 C:\xampp\htdocs\sibcad\framework\web\CWebApplication.php(282): CController->run('Chart.bundle.js')
#2 C:\xampp\htdocs\sibcad\framework\web\CWebApplication.php(141): CWebApplication->runController('kegiatanKabkota...')
#3 C:\xampp\htdocs\sibcad\framework\base\CApplication.php(180): CWebApplication->processRequest()
#4 C:\xampp\htdocs\sibcad\index.php(13): CApplication->run()
#5 {main}
REQUEST_URI=/sibcad/index.php/kegiatanKabkota/Chart.bundle.js
HTTP_REFERER=http://localhost/sibcad/index.php/kegiatanKabkota/admin
---
2023/07/07 05:43:53 [error] [exception.CHttpException.404] CHttpException: The system is unable to find the requested action "Chart.bundle.js". in C:\xampp\htdocs\sibcad\framework\web\CController.php:483
Stack trace:
#0 C:\xampp\htdocs\sibcad\framework\web\CController.php(270): CController->missingAction('Chart.bundle.js')
#1 C:\xampp\htdocs\sibcad\framework\web\CWebApplication.php(282): CController->run('Chart.bundle.js')
#2 C:\xampp\htdocs\sibcad\framework\web\CWebApplication.php(141): CWebApplication->runController('kegiatanKabkota...')
#3 C:\xampp\htdocs\sibcad\framework\base\CApplication.php(180): CWebApplication->processRequest()
#4 C:\xampp\htdocs\sibcad\index.php(13): CApplication->run()
#5 {main}
REQUEST_URI=/sibcad/index.php/kegiatanKabkota/Chart.bundle.js
HTTP_REFERER=http://localhost/sibcad/index.php/kegiatanKabkota/admin
---
2023/07/07 05:44:01 [error] [exception.CHttpException.404] CHttpException: The system is unable to find the requested action "Chart.bundle.js". in C:\xampp\htdocs\sibcad\framework\web\CController.php:483
Stack trace:
#0 C:\xampp\htdocs\sibcad\framework\web\CController.php(270): CController->missingAction('Chart.bundle.js')
#1 C:\xampp\htdocs\sibcad\framework\web\CWebApplication.php(282): CController->run('Chart.bundle.js')
#2 C:\xampp\htdocs\sibcad\framework\web\CWebApplication.php(141): CWebApplication->runController('kegiatanKabkota...')
#3 C:\xampp\htdocs\sibcad\framework\base\CApplication.php(180): CWebApplication->processRequest()
#4 C:\xampp\htdocs\sibcad\index.php(13): CApplication->run()
#5 {main}
REQUEST_URI=/sibcad/index.php/kegiatanKabkota/Chart.bundle.js
HTTP_REFERER=http://localhost/sibcad/index.php/kegiatanKabkota/admin
---
2023/07/07 05:44:11 [error] [exception.CHttpException.404] CHttpException: The system is unable to find the requested action "Chart.bundle.js". in C:\xampp\htdocs\sibcad\framework\web\CController.php:483
Stack trace:
#0 C:\xampp\htdocs\sibcad\framework\web\CController.php(270): CController->missingAction('Chart.bundle.js')
#1 C:\xampp\htdocs\sibcad\framework\web\CWebApplication.php(282): CController->run('Chart.bundle.js')
#2 C:\xampp\htdocs\sibcad\framework\web\CWebApplication.php(141): CWebApplication->runController('kegiatanKabkota...')
#3 C:\xampp\htdocs\sibcad\framework\base\CApplication.php(180): CWebApplication->processRequest()
#4 C:\xampp\htdocs\sibcad\index.php(13): CApplication->run()
#5 {main}
REQUEST_URI=/sibcad/index.php/kegiatanKabkota/Chart.bundle.js
HTTP_REFERER=http://localhost/sibcad/index.php/kegiatanKabkota/admin
---
2023/07/07 05:44:17 [error] [exception.CHttpException.404] CHttpException: The system is unable to find the requested action "Chart.bundle.js". in C:\xampp\htdocs\sibcad\framework\web\CController.php:483
Stack trace:
#0 C:\xampp\htdocs\sibcad\framework\web\CController.php(270): CController->missingAction('Chart.bundle.js')
#1 C:\xampp\htdocs\sibcad\framework\web\CWebApplication.php(282): CController->run('Chart.bundle.js')
#2 C:\xampp\htdocs\sibcad\framework\web\CWebApplication.php(141): CWebApplication->runController('kegiatanKabkota...')
#3 C:\xampp\htdocs\sibcad\framework\base\CApplication.php(180): CWebApplication->processRequest()
#4 C:\xampp\htdocs\sibcad\index.php(13): CApplication->run()
#5 {main}
REQUEST_URI=/sibcad/index.php/kegiatanKabkota/Chart.bundle.js
HTTP_REFERER=http://localhost/sibcad/index.php/kegiatanKabkota/admin
---
2023/07/07 07:58:33 [error] [exception.CHttpException.400] CHttpException: Your request is invalid. in C:\xampp\htdocs\sibcad\framework\web\CController.php:336
Stack trace:
#0 C:\xampp\htdocs\sibcad\framework\web\CController.php(309): CController->invalidActionParams(Object(CInlineAction))
#1 C:\xampp\htdocs\sibcad\framework\web\filters\CFilterChain.php(133): CController->runAction(Object(CInlineAction))
#2 C:\xampp\htdocs\sibcad\framework\web\filters\CFilter.php(40): CFilterChain->run()
#3 C:\xampp\htdocs\sibcad\framework\web\CController.php(1145): CFilter->filter(Object(CFilterChain))
#4 C:\xampp\htdocs\sibcad\framework\web\filters\CInlineFilter.php(58): CController->filterAccessControl(Object(CFilterChain))
#5 C:\xampp\htdocs\sibcad\framework\web\filters\CFilterChain.php(130): CInlineFilter->filter(Object(CFilterChain))
#6 C:\xampp\htdocs\sibcad\framework\web\CController.php(291): CFilterChain->run()
#7 C:\xampp\htdocs\sibcad\framework\web\CController.php(265): CController->runActionWithFilters(Object(CInlineAction), Array)
#8 C:\xampp\htdocs\sibcad\framework\web\CWebApplication.php(282): CController->run('frontendkegiata...')
#9 C:\xampp\htdocs\sibcad\framework\web\CWebApplication.php(141): CWebApplication->runController('kategori/fronte...')
#10 C:\xampp\htdocs\sibcad\framework\base\CApplication.php(180): CWebApplication->processRequest()
#11 C:\xampp\htdocs\sibcad\index.php(13): CApplication->run()
#12 {main}
REQUEST_URI=/sibcad/index.php/kategori/frontendkegiatan/Chart.bundle.js
HTTP_REFERER=http://192.168.43.122/sibcad/index.php/kategori/frontendkegiatan/3
---
2023/07/07 07:58:47 [error] [exception.CHttpException.404] CHttpException: The system is unable to find the requested action "Chart.bundle.js". in C:\xampp\htdocs\sibcad\framework\web\CController.php:483
Stack trace:
#0 C:\xampp\htdocs\sibcad\framework\web\CController.php(270): CController->missingAction('Chart.bundle.js')
#1 C:\xampp\htdocs\sibcad\framework\web\CWebApplication.php(282): CController->run('Chart.bundle.js')
#2 C:\xampp\htdocs\sibcad\framework\web\CWebApplication.php(141): CWebApplication->runController('kegiatanKabkota...')
#3 C:\xampp\htdocs\sibcad\framework\base\CApplication.php(180): CWebApplication->processRequest()
#4 C:\xampp\htdocs\sibcad\index.php(13): CApplication->run()
#5 {main}
REQUEST_URI=/sibcad/index.php/kegiatanKabkota/Chart.bundle.js
HTTP_REFERER=http://localhost/sibcad/index.php/kegiatanKabkota/admin
---
2023/07/07 07:58:59 [error] [exception.CHttpException.404] CHttpException: The system is unable to find the requested action "Chart.bundle.js". in C:\xampp\htdocs\sibcad\framework\web\CController.php:483
Stack trace:
#0 C:\xampp\htdocs\sibcad\framework\web\CController.php(270): CController->missingAction('Chart.bundle.js')
#1 C:\xampp\htdocs\sibcad\framework\web\CWebApplication.php(282): CController->run('Chart.bundle.js')
#2 C:\xampp\htdocs\sibcad\framework\web\CWebApplication.php(141): CWebApplication->runController('kegiatanProvins...')
#3 C:\xampp\htdocs\sibcad\framework\base\CApplication.php(180): CWebApplication->processRequest()
#4 C:\xampp\htdocs\sibcad\index.php(13): CApplication->run()
#5 {main}
REQUEST_URI=/sibcad/index.php/kegiatanProvinsi/Chart.bundle.js
HTTP_REFERER=http://localhost/sibcad/index.php/kegiatanProvinsi/admin
---
2023/07/07 07:59:32 [error] [exception.CHttpException.404] CHttpException: The system is unable to find the requested action "Chart.bundle.js". in C:\xampp\htdocs\sibcad\framework\web\CController.php:483
Stack trace:
#0 C:\xampp\htdocs\sibcad\framework\web\CController.php(270): CController->missingAction('Chart.bundle.js')
#1 C:\xampp\htdocs\sibcad\framework\web\CWebApplication.php(282): CController->run('Chart.bundle.js')
#2 C:\xampp\htdocs\sibcad\framework\web\CWebApplication.php(141): CWebApplication->runController('kegiatanKabkota...')
#3 C:\xampp\htdocs\sibcad\framework\base\CApplication.php(180): CWebApplication->processRequest()
#4 C:\xampp\htdocs\sibcad\index.php(13): CApplication->run()
#5 {main}
REQUEST_URI=/sibcad/index.php/kegiatanKabkota/Chart.bundle.js
HTTP_REFERER=http://localhost/sibcad/index.php/kegiatanKabkota/admin
---
2023/07/07 08:00:39 [error] [exception.CHttpException.400] CHttpException: Your request is invalid. in C:\xampp\htdocs\sibcad\framework\web\CController.php:336
Stack trace:
#0 C:\xampp\htdocs\sibcad\framework\web\CController.php(309): CController->invalidActionParams(Object(CInlineAction))
#1 C:\xampp\htdocs\sibcad\framework\web\filters\CFilterChain.php(133): CController->runAction(Object(CInlineAction))
#2 C:\xampp\htdocs\sibcad\framework\web\filters\CFilter.php(40): CFilterChain->run()
#3 C:\xampp\htdocs\sibcad\framework\web\CController.php(1145): CFilter->filter(Object(CFilterChain))
#4 C:\xampp\htdocs\sibcad\framework\web\filters\CInlineFilter.php(58): CController->filterAccessControl(Object(CFilterChain))
#5 C:\xampp\htdocs\sibcad\framework\web\filters\CFilterChain.php(130): CInlineFilter->filter(Object(CFilterChain))
#6 C:\xampp\htdocs\sibcad\framework\web\CController.php(291): CFilterChain->run()
#7 C:\xampp\htdocs\sibcad\framework\web\CController.php(265): CController->runActionWithFilters(Object(CInlineAction), Array)
#8 C:\xampp\htdocs\sibcad\framework\web\CWebApplication.php(282): CController->run('frontendkegiata...')
#9 C:\xampp\htdocs\sibcad\framework\web\CWebApplication.php(141): CWebApplication->runController('kategori/fronte...')
#10 C:\xampp\htdocs\sibcad\framework\base\CApplication.php(180): CWebApplication->processRequest()
#11 C:\xampp\htdocs\sibcad\index.php(13): CApplication->run()
#12 {main}
REQUEST_URI=/sibcad/index.php/kategori/frontendkegiatankabkota/Chart.bundle.js
HTTP_REFERER=http://192.168.43.122/sibcad/index.php/kategori/frontendkegiatankabkota/1
---
2023/07/07 08:02:24 [error] [exception.CHttpException.404] CHttpException: Unable to resolve the request "kegiatan/delete". in C:\xampp\htdocs\sibcad\framework\web\CWebApplication.php:286
Stack trace:
#0 C:\xampp\htdocs\sibcad\framework\web\CWebApplication.php(141): CWebApplication->runController('kegiatan/delete')
#1 C:\xampp\htdocs\sibcad\framework\base\CApplication.php(180): CWebApplication->processRequest()
#2 C:\xampp\htdocs\sibcad\index.php(13): CApplication->run()
#3 {main}
REQUEST_URI=/sibcad/index.php/kegiatan/delete/266
HTTP_REFERER=http://localhost/sibcad/index.php/calon/viewKabkota/1
---
2023/07/07 08:02:44 [error] [exception.CHttpException.404] CHttpException: Unable to resolve the request "kegiatan/delete". in C:\xampp\htdocs\sibcad\framework\web\CWebApplication.php:286
Stack trace:
#0 C:\xampp\htdocs\sibcad\framework\web\CWebApplication.php(141): CWebApplication->runController('kegiatan/delete')
#1 C:\xampp\htdocs\sibcad\framework\base\CApplication.php(180): CWebApplication->processRequest()
#2 C:\xampp\htdocs\sibcad\index.php(13): CApplication->run()
#3 {main}
REQUEST_URI=/sibcad/index.php/kegiatan/delete/266
HTTP_REFERER=http://localhost/sibcad/index.php/calon/viewKabkota/1
---
2023/07/07 08:03:19 [error] [exception.CHttpException.400] CHttpException: Your request is invalid. in C:\xampp\htdocs\sibcad\framework\web\CController.php:336
Stack trace:
#0 C:\xampp\htdocs\sibcad\framework\web\CController.php(309): CController->invalidActionParams(Object(CInlineAction))
#1 C:\xampp\htdocs\sibcad\framework\web\filters\CFilterChain.php(133): CController->runAction(Object(CInlineAction))
#2 C:\xampp\htdocs\sibcad\framework\web\filters\CFilter.php(40): CFilterChain->run()
#3 C:\xampp\htdocs\sibcad\framework\web\CController.php(1145): CFilter->filter(Object(CFilterChain))
#4 C:\xampp\htdocs\sibcad\framework\web\filters\CInlineFilter.php(58): CController->filterAccessControl(Object(CFilterChain))
#5 C:\xampp\htdocs\sibcad\framework\web\filters\CFilterChain.php(130): CInlineFilter->filter(Object(CFilterChain))
#6 C:\xampp\htdocs\sibcad\framework\web\CController.php(291): CFilterChain->run()
#7 C:\xampp\htdocs\sibcad\framework\web\CController.php(265): CController->runActionWithFilters(Object(CInlineAction), Array)
#8 C:\xampp\htdocs\sibcad\framework\web\CWebApplication.php(282): CController->run('frontendkegiata...')
#9 C:\xampp\htdocs\sibcad\framework\web\CWebApplication.php(141): CWebApplication->runController('kategori/fronte...')
#10 C:\xampp\htdocs\sibcad\framework\base\CApplication.php(180): CWebApplication->processRequest()
#11 C:\xampp\htdocs\sibcad\index.php(13): CApplication->run()
#12 {main}
REQUEST_URI=/sibcad/index.php/kategori/frontendkegiatankabkota/Chart.bundle.js
HTTP_REFERER=http://192.168.43.122/sibcad/index.php/kategori/frontendkegiatankabkota/1
---
2023/07/07 08:04:15 [error] [exception.CHttpException.400] CHttpException: Your request is invalid. in C:\xampp\htdocs\sibcad\framework\web\CController.php:336
Stack trace:
#0 C:\xampp\htdocs\sibcad\framework\web\CController.php(309): CController->invalidActionParams(Object(CInlineAction))
#1 C:\xampp\htdocs\sibcad\framework\web\filters\CFilterChain.php(133): CController->runAction(Object(CInlineAction))
#2 C:\xampp\htdocs\sibcad\framework\web\filters\CFilter.php(40): CFilterChain->run()
#3 C:\xampp\htdocs\sibcad\framework\web\CController.php(1145): CFilter->filter(Object(CFilterChain))
#4 C:\xampp\htdocs\sibcad\framework\web\filters\CInlineFilter.php(58): CController->filterAccessControl(Object(CFilterChain))
#5 C:\xampp\htdocs\sibcad\framework\web\filters\CFilterChain.php(130): CInlineFilter->filter(Object(CFilterChain))
#6 C:\xampp\htdocs\sibcad\framework\web\CController.php(291): CFilterChain->run()
#7 C:\xampp\htdocs\sibcad\framework\web\CController.php(265): CController->runActionWithFilters(Object(CInlineAction), Array)
#8 C:\xampp\htdocs\sibcad\framework\web\CWebApplication.php(282): CController->run('frontendkegiata...')
#9 C:\xampp\htdocs\sibcad\framework\web\CWebApplication.php(141): CWebApplication->runController('kategori/fronte...')
#10 C:\xampp\htdocs\sibcad\framework\base\CApplication.php(180): CWebApplication->processRequest()
#11 C:\xampp\htdocs\sibcad\index.php(13): CApplication->run()
#12 {main}
REQUEST_URI=/sibcad/index.php/kategori/frontendkegiatankabkota/Chart.bundle.js
HTTP_REFERER=http://192.168.43.122/sibcad/index.php/kategori/frontendkegiatankabkota/1
---
2023/07/07 08:04:47 [error] [exception.CHttpException.404] CHttpException: The system is unable to find the requested action "Chart.bundle.js". in C:\xampp\htdocs\sibcad\framework\web\CController.php:483
Stack trace:
#0 C:\xampp\htdocs\sibcad\framework\web\CController.php(270): CController->missingAction('Chart.bundle.js')
#1 C:\xampp\htdocs\sibcad\framework\web\CWebApplication.php(282): CController->run('Chart.bundle.js')
#2 C:\xampp\htdocs\sibcad\framework\web\CWebApplication.php(141): CWebApplication->runController('kegiatanKabkota...')
#3 C:\xampp\htdocs\sibcad\framework\base\CApplication.php(180): CWebApplication->processRequest()
#4 C:\xampp\htdocs\sibcad\index.php(13): CApplication->run()
#5 {main}
REQUEST_URI=/sibcad/index.php/kegiatanKabkota/Chart.bundle.js
HTTP_REFERER=http://localhost/sibcad/index.php/kegiatanKabkota/admin
---
2023/07/07 08:05:08 [error] [exception.CHttpException.400] CHttpException: Your request is invalid. in C:\xampp\htdocs\sibcad\framework\web\CController.php:336
Stack trace:
#0 C:\xampp\htdocs\sibcad\framework\web\CController.php(309): CController->invalidActionParams(Object(CInlineAction))
#1 C:\xampp\htdocs\sibcad\framework\web\filters\CFilterChain.php(133): CController->runAction(Object(CInlineAction))
#2 C:\xampp\htdocs\sibcad\framework\web\filters\CFilter.php(40): CFilterChain->run()
#3 C:\xampp\htdocs\sibcad\framework\web\CController.php(1145): CFilter->filter(Object(CFilterChain))
#4 C:\xampp\htdocs\sibcad\framework\web\filters\CInlineFilter.php(58): CController->filterAccessControl(Object(CFilterChain))
#5 C:\xampp\htdocs\sibcad\framework\web\filters\CFilterChain.php(130): CInlineFilter->filter(Object(CFilterChain))
#6 C:\xampp\htdocs\sibcad\framework\web\CController.php(291): CFilterChain->run()
#7 C:\xampp\htdocs\sibcad\framework\web\CController.php(265): CController->runActionWithFilters(Object(CInlineAction), Array)
#8 C:\xampp\htdocs\sibcad\framework\web\CWebApplication.php(282): CController->run('frontendkegiata...')
#9 C:\xampp\htdocs\sibcad\framework\web\CWebApplication.php(141): CWebApplication->runController('kategori/fronte...')
#10 C:\xampp\htdocs\sibcad\framework\base\CApplication.php(180): CWebApplication->processRequest()
#11 C:\xampp\htdocs\sibcad\index.php(13): CApplication->run()
#12 {main}
REQUEST_URI=/sibcad/index.php/kategori/frontendkegiatan/Chart.bundle.js
HTTP_REFERER=http://192.168.43.122/sibcad/index.php/kategori/frontendkegiatan/3
---
2023/07/07 08:05:49 [error] [exception.CHttpException.400] CHttpException: Your request is invalid. in C:\xampp\htdocs\sibcad\framework\web\CController.php:336
Stack trace:
#0 C:\xampp\htdocs\sibcad\framework\web\CController.php(309): CController->invalidActionParams(Object(CInlineAction))
#1 C:\xampp\htdocs\sibcad\framework\web\filters\CFilterChain.php(133): CController->runAction(Object(CInlineAction))
#2 C:\xampp\htdocs\sibcad\framework\web\filters\CFilter.php(40): CFilterChain->run()
#3 C:\xampp\htdocs\sibcad\framework\web\CController.php(1145): CFilter->filter(Object(CFilterChain))
#4 C:\xampp\htdocs\sibcad\framework\web\filters\CInlineFilter.php(58): CController->filterAccessControl(Object(CFilterChain))
#5 C:\xampp\htdocs\sibcad\framework\web\filters\CFilterChain.php(130): CInlineFilter->filter(Object(CFilterChain))
#6 C:\xampp\htdocs\sibcad\framework\web\CController.php(291): CFilterChain->run()
#7 C:\xampp\htdocs\sibcad\framework\web\CController.php(265): CController->runActionWithFilters(Object(CInlineAction), Array)
#8 C:\xampp\htdocs\sibcad\framework\web\CWebApplication.php(282): CController->run('frontendkegiata...')
#9 C:\xampp\htdocs\sibcad\framework\web\CWebApplication.php(141): CWebApplication->runController('kategori/fronte...')
#10 C:\xampp\htdocs\sibcad\framework\base\CApplication.php(180): CWebApplication->processRequest()
#11 C:\xampp\htdocs\sibcad\index.php(13): CApplication->run()
#12 {main}
REQUEST_URI=/sibcad/index.php/kategori/frontendkegiatan/Chart.bundle.js
HTTP_REFERER=http://192.168.43.122/sibcad/index.php/kategori/frontendkegiatan/4
---
2023/07/07 08:06:21 [error] [exception.CHttpException.400] CHttpException: Your request is invalid. in C:\xampp\htdocs\sibcad\framework\web\CController.php:336
Stack trace:
#0 C:\xampp\htdocs\sibcad\framework\web\CController.php(309): CController->invalidActionParams(Object(CInlineAction))
#1 C:\xampp\htdocs\sibcad\framework\web\filters\CFilterChain.php(133): CController->runAction(Object(CInlineAction))
#2 C:\xampp\htdocs\sibcad\framework\web\filters\CFilter.php(40): CFilterChain->run()
#3 C:\xampp\htdocs\sibcad\framework\web\CController.php(1145): CFilter->filter(Object(CFilterChain))
#4 C:\xampp\htdocs\sibcad\framework\web\filters\CInlineFilter.php(58): CController->filterAccessControl(Object(CFilterChain))
#5 C:\xampp\htdocs\sibcad\framework\web\filters\CFilterChain.php(130): CInlineFilter->filter(Object(CFilterChain))
#6 C:\xampp\htdocs\sibcad\framework\web\CController.php(291): CFilterChain->run()
#7 C:\xampp\htdocs\sibcad\framework\web\CController.php(265): CController->runActionWithFilters(Object(CInlineAction), Array)
#8 C:\xampp\htdocs\sibcad\framework\web\CWebApplication.php(282): CController->run('frontendkegiata...')
#9 C:\xampp\htdocs\sibcad\framework\web\CWebApplication.php(141): CWebApplication->runController('kategori/fronte...')
#10 C:\xampp\htdocs\sibcad\framework\base\CApplication.php(180): CWebApplication->processRequest()
#11 C:\xampp\htdocs\sibcad\index.php(13): CApplication->run()
#12 {main}
REQUEST_URI=/sibcad/index.php/kategori/frontendkegiatan/Chart.bundle.js
HTTP_REFERER=http://192.168.43.122/sibcad/index.php/kategori/frontendkegiatan/3
---
2023/07/07 08:07:18 [error] [exception.CHttpException.400] CHttpException: Your request is invalid. in C:\xampp\htdocs\sibcad\framework\web\CController.php:336
Stack trace:
#0 C:\xampp\htdocs\sibcad\framework\web\CController.php(309): CController->invalidActionParams(Object(CInlineAction))
#1 C:\xampp\htdocs\sibcad\framework\web\filters\CFilterChain.php(133): CController->runAction(Object(CInlineAction))
#2 C:\xampp\htdocs\sibcad\framework\web\filters\CFilter.php(40): CFilterChain->run()
#3 C:\xampp\htdocs\sibcad\framework\web\CController.php(1145): CFilter->filter(Object(CFilterChain))
#4 C:\xampp\htdocs\sibcad\framework\web\filters\CInlineFilter.php(58): CController->filterAccessControl(Object(CFilterChain))
#5 C:\xampp\htdocs\sibcad\framework\web\filters\CFilterChain.php(130): CInlineFilter->filter(Object(CFilterChain))
#6 C:\xampp\htdocs\sibcad\framework\web\CController.php(291): CFilterChain->run()
#7 C:\xampp\htdocs\sibcad\framework\web\CController.php(265): CController->runActionWithFilters(Object(CInlineAction), Array)
#8 C:\xampp\htdocs\sibcad\framework\web\CWebApplication.php(282): CController->run('frontendkegiata...')
#9 C:\xampp\htdocs\sibcad\framework\web\CWebApplication.php(141): CWebApplication->runController('kategori/fronte...')
#10 C:\xampp\htdocs\sibcad\framework\base\CApplication.php(180): CWebApplication->processRequest()
#11 C:\xampp\htdocs\sibcad\index.php(13): CApplication->run()
#12 {main}
REQUEST_URI=/sibcad/index.php/kategori/frontendkegiatan/Chart.bundle.js
HTTP_REFERER=http://192.168.43.122/sibcad/index.php/kategori/frontendkegiatan/3
---
2023/07/07 08:07:29 [error] [exception.CHttpException.400] CHttpException: Your request is invalid. in C:\xampp\htdocs\sibcad\framework\web\CController.php:336
Stack trace:
#0 C:\xampp\htdocs\sibcad\framework\web\CController.php(309): CController->invalidActionParams(Object(CInlineAction))
#1 C:\xampp\htdocs\sibcad\framework\web\filters\CFilterChain.php(133): CController->runAction(Object(CInlineAction))
#2 C:\xampp\htdocs\sibcad\framework\web\filters\CFilter.php(40): CFilterChain->run()
#3 C:\xampp\htdocs\sibcad\framework\web\CController.php(1145): CFilter->filter(Object(CFilterChain))
#4 C:\xampp\htdocs\sibcad\framework\web\filters\CInlineFilter.php(58): CController->filterAccessControl(Object(CFilterChain))
#5 C:\xampp\htdocs\sibcad\framework\web\filters\CFilterChain.php(130): CInlineFilter->filter(Object(CFilterChain))
#6 C:\xampp\htdocs\sibcad\framework\web\CController.php(291): CFilterChain->run()
#7 C:\xampp\htdocs\sibcad\framework\web\CController.php(265): CController->runActionWithFilters(Object(CInlineAction), Array)
#8 C:\xampp\htdocs\sibcad\framework\web\CWebApplication.php(282): CController->run('frontendkegiata...')
#9 C:\xampp\htdocs\sibcad\framework\web\CWebApplication.php(141): CWebApplication->runController('kategori/fronte...')
#10 C:\xampp\htdocs\sibcad\framework\base\CApplication.php(180): CWebApplication->processRequest()
#11 C:\xampp\htdocs\sibcad\index.php(13): CApplication->run()
#12 {main}
REQUEST_URI=/sibcad/index.php/kategori/frontendkegiatan/kegiatan.php
HTTP_REFERER=http://192.168.43.122/sibcad/index.php/kategori/frontendkegiatan/3
---
2023/07/07 08:07:31 [error] [exception.CHttpException.400] CHttpException: Your request is invalid. in C:\xampp\htdocs\sibcad\framework\web\CController.php:336
Stack trace:
#0 C:\xampp\htdocs\sibcad\framework\web\CController.php(309): CController->invalidActionParams(Object(CInlineAction))
#1 C:\xampp\htdocs\sibcad\framework\web\filters\CFilterChain.php(133): CController->runAction(Object(CInlineAction))
#2 C:\xampp\htdocs\sibcad\framework\web\filters\CFilter.php(40): CFilterChain->run()
#3 C:\xampp\htdocs\sibcad\framework\web\CController.php(1145): CFilter->filter(Object(CFilterChain))
#4 C:\xampp\htdocs\sibcad\framework\web\filters\CInlineFilter.php(58): CController->filterAccessControl(Object(CFilterChain))
#5 C:\xampp\htdocs\sibcad\framework\web\filters\CFilterChain.php(130): CInlineFilter->filter(Object(CFilterChain))
#6 C:\xampp\htdocs\sibcad\framework\web\CController.php(291): CFilterChain->run()
#7 C:\xampp\htdocs\sibcad\framework\web\CController.php(265): CController->runActionWithFilters(Object(CInlineAction), Array)
#8 C:\xampp\htdocs\sibcad\framework\web\CWebApplication.php(282): CController->run('frontendkegiata...')
#9 C:\xampp\htdocs\sibcad\framework\web\CWebApplication.php(141): CWebApplication->runController('kategori/fronte...')
#10 C:\xampp\htdocs\sibcad\framework\base\CApplication.php(180): CWebApplication->processRequest()
#11 C:\xampp\htdocs\sibcad\index.php(13): CApplication->run()
#12 {main}
REQUEST_URI=/sibcad/index.php/kategori/frontendkegiatan/Chart.bundle.js
HTTP_REFERER=http://192.168.43.122/sibcad/index.php/kategori/frontendkegiatan/3
---
2023/07/07 08:07:40 [error] [exception.CHttpException.404] CHttpException: The system is unable to find the requested action "Chart.bundle.js". in C:\xampp\htdocs\sibcad\framework\web\CController.php:483
Stack trace:
#0 C:\xampp\htdocs\sibcad\framework\web\CController.php(270): CController->missingAction('Chart.bundle.js')
#1 C:\xampp\htdocs\sibcad\framework\web\CWebApplication.php(282): CController->run('Chart.bundle.js')
#2 C:\xampp\htdocs\sibcad\framework\web\CWebApplication.php(141): CWebApplication->runController('kegiatanKabkota...')
#3 C:\xampp\htdocs\sibcad\framework\base\CApplication.php(180): CWebApplication->processRequest()
#4 C:\xampp\htdocs\sibcad\index.php(13): CApplication->run()
#5 {main}
REQUEST_URI=/sibcad/index.php/kegiatanKabkota/Chart.bundle.js
HTTP_REFERER=http://localhost/sibcad/index.php/kegiatanKabkota/admin
---
2023/07/07 08:07:49 [error] [exception.CHttpException.404] CHttpException: The system is unable to find the requested action "Chart.bundle.js". in C:\xampp\htdocs\sibcad\framework\web\CController.php:483
Stack trace:
#0 C:\xampp\htdocs\sibcad\framework\web\CController.php(270): CController->missingAction('Chart.bundle.js')
#1 C:\xampp\htdocs\sibcad\framework\web\CWebApplication.php(282): CController->run('Chart.bundle.js')
#2 C:\xampp\htdocs\sibcad\framework\web\CWebApplication.php(141): CWebApplication->runController('kegiatanProvins...')
#3 C:\xampp\htdocs\sibcad\framework\base\CApplication.php(180): CWebApplication->processRequest()
#4 C:\xampp\htdocs\sibcad\index.php(13): CApplication->run()
#5 {main}
REQUEST_URI=/sibcad/index.php/kegiatanProvinsi/Chart.bundle.js
HTTP_REFERER=http://localhost/sibcad/index.php/kegiatanProvinsi/admin
---
